21:55:08.744 [JavaFX Application Thread] DEBUG GameApplication      - Logger initialized
21:55:08.761 [JavaFX Application Thread] DEBUG MainWindow           - Creating a JavaFX scene
21:55:08.893 [JavaFX Application Thread] DEBUG MainWindow           - Target settings size: 1200.0 x 800.0
21:55:08.894 [JavaFX Application Thread] DEBUG MainWindow           - Scaled scene size:    1200.0 x 800.0
21:55:08.894 [JavaFX Application Thread] DEBUG MainWindow           - Scaled ratio: (1.0, 1.0)
21:55:09.354 [JavaFX Application Thread] DEBUG GameApplication      - Starting FXGL
21:55:09.411 [FXGL Launcher Thread     ] INFO  Version              - FXGL-0.4.2
21:55:09.412 [FXGL Launcher Thread     ] INFO  Version              - Source code and latest versions at: https://github.com/AlmasB/FXGL
21:55:09.412 [FXGL Launcher Thread     ] INFO  Version              -              Join the FXGL chat at: https://gitter.im/AlmasB/FXGL
21:55:09.413 [FXGL Launcher Thread     ] DEBUG FXGL                 - Loading FXGL system data
21:55:09.425 [FXGL Launcher Thread     ] DEBUG IOTask               - Executing task: readDataTask(system/fxgl.bundle)
21:55:09.459 [FXGL Launcher Thread     ] DEBUG FS                   - Reading from: system/fxgl.bundle
21:55:09.471 [FXGL Launcher Thread     ] DEBUG IOTask               - Task succeeded: readDataTask(system/fxgl.bundle)
21:55:09.472 [FXGL Launcher Thread     ] DEBUG Bundle               - Logging bundle: FXGL
21:55:09.473 [FXGL Launcher Thread     ] DEBUG Bundle               - FXGL.offline.timer.version.check=2018-02-05T15:01:58.001
21:55:09.522 [FXGL Launcher Thread     ] DEBUG GameApplication      - FXGL started
21:55:09.522 [FXGL Launcher Thread     ] DEBUG GameApplication      - Logging game settings
Title: Worlds Hardest Game!
Version: 0.1
Width: 1200
Height: 800
Fullscreen: false
Intro: false
Menus: false
Profiling: false
Single step:false
App Mode: DEVELOPER
Menu Key: ESCAPE
Stage Style: DECORATED
Scene Factory: class com.almasb.fxgl.scene.SceneFactory
Dialog Factory: class com.almasb.fxgl.ui.FXGLDialogFactory
UI Factory: class com.almasb.fxgl.ui.FXGLUIFactory
Notification Service: class com.almasb.fxgl.gameplay.notification.XboxNotificationView
Exception Handler: class com.almasb.fxgl.app.FXGLExceptionHandler
21:55:09.524 [FXGL Launcher Thread     ] DEBUG GameApplication      - Configuring GameApplication
21:55:09.524 [FXGL Launcher Thread     ] DEBUG GameApplication      - Initializing state machine and application states
21:55:09.534 [FXGL Launcher Thread     ] DEBUG AssetLoader          - Loading from disk: /assets/ui/cursors/fxgl_default.png
21:55:09.558 [FXGL Launcher Thread     ] DEBUG AssetLoader          - Loading from disk: /assets/ui/cursors/fxgl_default.png
21:55:09.560 [FXGL Launcher Thread     ] DEBUG AssetLoader          - Loading from disk: /assets/ui/cursors/fxgl_default.png
21:55:09.570 [FXGL Launcher Thread     ] DEBUG AssetLoader          - Loading from disk: /assets/sounds/core/notification.wav
21:55:09.653 [FXGL Launcher Thread     ] DEBUG AssetLoader          - Loading from disk: /assets/sounds/menu/select.wav
21:55:09.656 [FXGL Launcher Thread     ] DEBUG AssetLoader          - Loading from disk: /assets/sounds/menu/back.wav
21:55:09.658 [FXGL Launcher Thread     ] DEBUG AssetLoader          - Loading from disk: /assets/sounds/menu/press.wav
21:55:09.661 [FXGL Launcher Thread     ] DEBUG AssetLoader          - Loading from disk: /assets/ui/fonts/VarelaRound-Regular.ttf
21:55:09.681 [FXGL Launcher Thread     ] DEBUG AssetLoader          - Loading from disk: /assets/ui/fonts/lucida_console.ttf
21:55:09.686 [FXGL Launcher Thread     ] DEBUG AssetLoader          - Loading from disk: /assets/ui/css/fxgl_dark.css
21:55:09.686 [FXGL Launcher Thread     ] DEBUG AssetLoader          - Loading from disk: /assets/ui/icons/fxgl_icon.png
21:55:09.722 [FXGL Launcher Thread     ] DEBUG AssetLoader          - Loading from disk: /assets/ui/cursors/fxgl_default.png
21:55:09.749 [FXGL Launcher Thread     ] DEBUG FXGL.GameScene       - Game scene initialized: 1200x800
21:55:09.752 [FXGL Launcher Thread     ] DEBUG FXGL.GameWorld       - Game world initialized
21:55:09.800 [FXGL Launcher Thread     ] DEBUG FXGL.PhysicsWorld    - Physics world initialized: appHeight=800, physics.ppm=50,0
21:55:09.831 [FXGL Launcher Thread     ] DEBUG Input                - Registered new binding: Pause - Esc
21:55:09.842 [FXGL Launcher Thread     ] INFO  GameApplication      - Game configuration took:  0,318 sec
21:55:09.844 [JavaFX Application Thread] DEBUG MainWindow           - Opening main window
21:55:09.896 [JavaFX Application Thread] DEBUG MainWindow           - Window border size: (0.0, 22.0)
21:55:09.896 [JavaFX Application Thread] DEBUG MainWindow           - Scaled size: 1200.0 x 800.0
21:55:09.896 [JavaFX Application Thread] DEBUG MainWindow           - Scaled ratio: (1.0, 1.0)
21:55:09.897 [JavaFX Application Thread] DEBUG MainWindow           - Scene size: 1200.0 x 800.0
21:55:09.897 [JavaFX Application Thread] DEBUG MainWindow           - Stage size: 1200.0 x 822.0
21:55:09.897 [JavaFX Application Thread] DEBUG GameApplication      - Running preInit()
21:55:09.898 [JavaFX Application Thread] DEBUG AnnotationParser     - Main app package name: com.company
21:55:09.962 [JavaFX Application Thread] DEBUG AnnotationParser     - @SetAchievementStore: []
21:55:09.963 [JavaFX Application Thread] DEBUG Input                - Registered new binding: Screenshot - P
21:55:09.963 [JavaFX Application Thread] DEBUG Input                - Registered new binding: Dev Options - CTRL+0
21:55:09.964 [JavaFX Application Thread] DEBUG Input                - Registered new binding: Restart - CTRL+R
21:55:09.964 [JavaFX Application Thread] DEBUG Input                - Registered new binding: Move Left - A
21:55:09.964 [JavaFX Application Thread] DEBUG Input                - Registered new binding: Move Right - D
21:55:09.964 [JavaFX Application Thread] DEBUG Input                - Registered new binding: Move Up - W
21:55:09.964 [JavaFX Application Thread] DEBUG Input                - Registered new binding: Move Down - S
21:55:09.996 [JavaFX Application Thread] DEBUG GameApplication      - Starting main loop
21:55:10.022 [JavaFX Application Thread] DEBUG StartupState         - STARTUP
21:55:10.023 [JavaFX Application Thread] DEBUG GameApplication      - Starting new game
21:55:10.023 [JavaFX Application Thread] DEBUG Input                - Clearing active input actions
21:55:10.051 [JavaFX Application Thread] DEBUG AppStateMachine      - StartupState -> LoadingState
21:55:10.052 [JavaFX Application Thread] DEBUG AnnotationParser     - Main app package name: com.company
21:55:10.052 [JavaFX Application Thread] DEBUG InitAppTask          - Parsing annotations
21:55:10.106 [JavaFX Application Thread] DEBUG AnnotationParser     - @SetEventHandler: []
21:55:10.106 [JavaFX Application Thread] DEBUG AnnotationParser     - @SetEntityFactory: []
21:55:10.106 [JavaFX Application Thread] DEBUG AnnotationParser     - @AddCollisionHandler: []
21:55:10.112 [FXGL Background Thread 1 ] DEBUG InitAppTask          - Clearing previous game
21:55:10.112 [FXGL Background Thread 1 ] DEBUG FXGL.GameWorld       - Clearing game world
21:55:10.112 [FXGL Background Thread 1 ] DEBUG FXGL.PhysicsWorld    - Clearing physics world
21:55:10.112 [FXGL Background Thread 1 ] DEBUG FXGL.GameScene       - Clearing game scene
21:55:10.113 [FXGL Background Thread 1 ] DEBUG InitAppTask          - Initializing Assets
21:55:10.114 [FXGL Background Thread 1 ] DEBUG InitAppTask          - Initializing Game
21:55:10.152 [FXGL Background Thread 1 ] DEBUG FXGL.GameScene       - Creating render group for layer: TOP(2147483647)
21:55:10.163 [FXGL Background Thread 1 ] DEBUG InitAppTask          - Initializing Physics
21:55:10.164 [FXGL Background Thread 1 ] DEBUG InitAppTask          - Initializing UI
21:55:10.164 [FXGL Background Thread 1 ] DEBUG InitAppTask          - Initialization Complete
21:55:10.164 [FXGL Background Thread 1 ] INFO  InitAppTask          - Game initialization took: 0,052 sec
21:55:10.195 [JavaFX Application Thread] DEBUG Input                - Clearing active input actions
21:55:10.203 [JavaFX Application Thread] DEBUG AppStateMachine      - LoadingState -> PlayState
21:56:03.375 [JavaFX Application Thread] DEBUG GameApplication      - Exiting game application
21:56:03.376 [JavaFX Application Thread] DEBUG GameApplication      - Shutting down background threads
21:56:03.377 [JavaFX Application Thread] DEBUG GameApplication      - Exiting FXGL
21:56:03.377 [JavaFX Application Thread] DEBUG FXGL                 - Saving FXGL system data
21:56:03.378 [JavaFX Application Thread] DEBUG IOTask               - Executing task: writeDataTask(system/fxgl.bundle)
21:56:03.381 [JavaFX Application Thread] DEBUG FS                   - Writing to: system/fxgl.bundle
21:56:03.386 [JavaFX Application Thread] DEBUG IOTask               - Task succeeded: writeDataTask(system/fxgl.bundle)
21:56:03.386 [JavaFX Application Thread] DEBUG GameApplication      - Closing logger and exiting JavaFX
