23:01:27.789 [JavaFX Application Thread] DEBUG GameApplication      - Logger initialized
23:01:27.806 [JavaFX Application Thread] DEBUG MainWindow           - Creating a JavaFX scene
23:01:27.966 [JavaFX Application Thread] DEBUG MainWindow           - Target settings size: 1200.0 x 800.0
23:01:27.966 [JavaFX Application Thread] DEBUG MainWindow           - Scaled scene size:    1200.0 x 800.0
23:01:27.967 [JavaFX Application Thread] DEBUG MainWindow           - Scaled ratio: (1.0, 1.0)
23:01:28.377 [JavaFX Application Thread] DEBUG GameApplication      - Starting FXGL
23:01:28.444 [FXGL Launcher Thread     ] INFO  Version              - FXGL-0.4.2
23:01:28.444 [FXGL Launcher Thread     ] INFO  Version              - Source code and latest versions at: https://github.com/AlmasB/FXGL
23:01:28.445 [FXGL Launcher Thread     ] INFO  Version              -              Join the FXGL chat at: https://gitter.im/AlmasB/FXGL
23:01:28.445 [FXGL Launcher Thread     ] DEBUG FXGL                 - Loading FXGL system data
23:01:28.450 [FXGL Launcher Thread     ] DEBUG IOTask               - Executing task: readDataTask(system/fxgl.bundle)
23:01:28.486 [FXGL Launcher Thread     ] DEBUG FS                   - Reading from: system/fxgl.bundle
23:01:28.500 [FXGL Launcher Thread     ] DEBUG IOTask               - Task succeeded: readDataTask(system/fxgl.bundle)
23:01:28.501 [FXGL Launcher Thread     ] DEBUG Bundle               - Logging bundle: FXGL
23:01:28.501 [FXGL Launcher Thread     ] DEBUG Bundle               - FXGL.offline.timer.version.check=2018-02-12T21:06:07.797
23:01:28.548 [FXGL Launcher Thread     ] DEBUG GameApplication      - FXGL started
23:01:28.548 [FXGL Launcher Thread     ] DEBUG GameApplication      - Logging game settings
Title: Worlds Hardest Game!
Version: 0.1
Width: 1200
Height: 800
Fullscreen: false
Intro: false
Menus: false
Profiling: false
Single step:false
App Mode: DEVELOPER
Menu Key: ESCAPE
Stage Style: DECORATED
Scene Factory: class com.almasb.fxgl.scene.SceneFactory
Dialog Factory: class com.almasb.fxgl.ui.FXGLDialogFactory
UI Factory: class com.almasb.fxgl.ui.FXGLUIFactory
Notification Service: class com.almasb.fxgl.gameplay.notification.XboxNotificationView
Exception Handler: class com.almasb.fxgl.app.FXGLExceptionHandler
23:01:28.549 [FXGL Launcher Thread     ] DEBUG GameApplication      - Configuring GameApplication
23:01:28.549 [FXGL Launcher Thread     ] DEBUG GameApplication      - Initializing state machine and application states
23:01:28.560 [FXGL Launcher Thread     ] DEBUG AssetLoader          - Loading from disk: /assets/ui/cursors/fxgl_default.png
23:01:28.591 [FXGL Launcher Thread     ] DEBUG AssetLoader          - Loading from disk: /assets/ui/cursors/fxgl_default.png
23:01:28.599 [FXGL Launcher Thread     ] DEBUG AssetLoader          - Loading from disk: /assets/ui/cursors/fxgl_default.png
23:01:28.622 [FXGL Launcher Thread     ] DEBUG AssetLoader          - Loading from disk: /assets/sounds/core/notification.wav
23:01:28.724 [FXGL Launcher Thread     ] DEBUG AssetLoader          - Loading from disk: /assets/sounds/menu/select.wav
23:01:28.727 [FXGL Launcher Thread     ] DEBUG AssetLoader          - Loading from disk: /assets/sounds/menu/back.wav
23:01:28.729 [FXGL Launcher Thread     ] DEBUG AssetLoader          - Loading from disk: /assets/sounds/menu/press.wav
23:01:28.733 [FXGL Launcher Thread     ] DEBUG AssetLoader          - Loading from disk: /assets/ui/fonts/VarelaRound-Regular.ttf
23:01:28.757 [FXGL Launcher Thread     ] DEBUG AssetLoader          - Loading from disk: /assets/ui/fonts/lucida_console.ttf
23:01:28.791 [FXGL Launcher Thread     ] DEBUG AssetLoader          - Loading from disk: /assets/ui/css/fxgl_dark.css
23:01:28.791 [FXGL Launcher Thread     ] DEBUG AssetLoader          - Loading from disk: /assets/ui/icons/fxgl_icon.png
23:01:28.824 [FXGL Launcher Thread     ] DEBUG AssetLoader          - Loading from disk: /assets/ui/cursors/fxgl_default.png
23:01:28.855 [FXGL Launcher Thread     ] DEBUG FXGL.GameScene       - Game scene initialized: 1200x800
23:01:28.858 [FXGL Launcher Thread     ] DEBUG FXGL.GameWorld       - Game world initialized
23:01:28.921 [FXGL Launcher Thread     ] DEBUG FXGL.PhysicsWorld    - Physics world initialized: appHeight=800, physics.ppm=50,0
23:01:28.975 [FXGL Launcher Thread     ] DEBUG Input                - Registered new binding: Pause - Esc
23:01:29.035 [FXGL Launcher Thread     ] INFO  GameApplication      - Game configuration took:  0,485 sec
23:01:29.039 [JavaFX Application Thread] DEBUG MainWindow           - Opening main window
23:01:29.125 [JavaFX Application Thread] DEBUG MainWindow           - Window border size: (0.0, 22.0)
23:01:29.126 [JavaFX Application Thread] DEBUG MainWindow           - Scaled size: 1200.0 x 800.0
23:01:29.126 [JavaFX Application Thread] DEBUG MainWindow           - Scaled ratio: (1.0, 1.0)
23:01:29.126 [JavaFX Application Thread] DEBUG MainWindow           - Scene size: 1200.0 x 800.0
23:01:29.126 [JavaFX Application Thread] DEBUG MainWindow           - Stage size: 1200.0 x 822.0
23:01:29.126 [JavaFX Application Thread] DEBUG GameApplication      - Running preInit()
23:01:29.128 [JavaFX Application Thread] DEBUG AnnotationParser     - Main app package name: com.company
23:01:29.244 [JavaFX Application Thread] DEBUG AnnotationParser     - @SetAchievementStore: []
23:01:29.250 [JavaFX Application Thread] DEBUG Input                - Registered new binding: Screenshot - P
23:01:29.252 [JavaFX Application Thread] DEBUG Input                - Registered new binding: Dev Options - CTRL+0
23:01:29.253 [JavaFX Application Thread] DEBUG Input                - Registered new binding: Restart - CTRL+R
23:01:29.253 [JavaFX Application Thread] DEBUG Input                - Registered new binding: Move Left - A
23:01:29.254 [JavaFX Application Thread] DEBUG Input                - Registered new binding: Move Right - D
23:01:29.255 [JavaFX Application Thread] DEBUG Input                - Registered new binding: Move Up - W
23:01:29.255 [JavaFX Application Thread] DEBUG Input                - Registered new binding: Move Down - S
23:01:29.272 [JavaFX Application Thread] DEBUG AssetLoader          - Loading from disk: /assets/music/bgm.mp3
23:01:29.351 [JavaFX Application Thread] DEBUG AudioPlayer          - Playing music Music [balance=0.0, volume=1.0, rate=1.0, cycleCount=2147483647]
23:01:29.384 [JavaFX Application Thread] DEBUG GameApplication      - Starting main loop
23:01:29.414 [JavaFX Application Thread] DEBUG StartupState         - STARTUP
23:01:29.415 [JavaFX Application Thread] DEBUG GameApplication      - Starting new game
23:01:29.415 [JavaFX Application Thread] DEBUG Input                - Clearing active input actions
23:01:29.441 [JavaFX Application Thread] DEBUG AppStateMachine      - StartupState -> LoadingState
23:01:29.442 [JavaFX Application Thread] DEBUG AnnotationParser     - Main app package name: com.company
23:01:29.442 [JavaFX Application Thread] DEBUG InitAppTask          - Parsing annotations
23:01:29.467 [JavaFX Application Thread] DEBUG AnnotationParser     - @SetEntityFactory: []
23:01:29.468 [JavaFX Application Thread] DEBUG AnnotationParser     - @AddCollisionHandler: []
23:01:29.468 [JavaFX Application Thread] DEBUG AnnotationParser     - @SetEventHandler: []
23:01:29.473 [FXGL Background Thread 1 ] DEBUG InitAppTask          - Clearing previous game
23:01:29.474 [FXGL Background Thread 1 ] DEBUG FXGL.GameWorld       - Clearing game world
23:01:29.474 [FXGL Background Thread 1 ] DEBUG FXGL.PhysicsWorld    - Clearing physics world
23:01:29.474 [FXGL Background Thread 1 ] DEBUG FXGL.GameScene       - Clearing game scene
23:01:29.475 [FXGL Background Thread 1 ] DEBUG InitAppTask          - Initializing Assets
23:01:29.475 [FXGL Background Thread 1 ] DEBUG InitAppTask          - Initializing Game
23:01:29.516 [FXGL Background Thread 1 ] DEBUG FXGL.GameScene       - Creating render group for layer: TOP(2147483647)
23:01:29.564 [FXGL Background Thread 1 ] DEBUG InitAppTask          - Initializing Physics
23:01:29.565 [FXGL Background Thread 1 ] DEBUG InitAppTask          - Initializing UI
23:01:29.565 [FXGL Background Thread 1 ] DEBUG InitAppTask          - Initialization Complete
23:01:29.566 [FXGL Background Thread 1 ] INFO  InitAppTask          - Game initialization took: 0,092 sec
23:01:29.574 [JavaFX Application Thread] DEBUG Input                - Clearing active input actions
23:01:29.584 [JavaFX Application Thread] DEBUG AppStateMachine      - LoadingState -> PlayState
23:01:34.977 [JavaFX Application Thread] DEBUG GameApplication      - Exiting game application
23:01:34.979 [JavaFX Application Thread] DEBUG GameApplication      - Shutting down background threads
23:01:34.980 [JavaFX Application Thread] DEBUG GameApplication      - Exiting FXGL
23:01:34.984 [JavaFX Application Thread] DEBUG FXGL                 - Saving FXGL system data
23:01:34.985 [JavaFX Application Thread] DEBUG IOTask               - Executing task: writeDataTask(system/fxgl.bundle)
23:01:34.987 [JavaFX Application Thread] DEBUG FS                   - Writing to: system/fxgl.bundle
23:01:34.992 [JavaFX Application Thread] DEBUG IOTask               - Task succeeded: writeDataTask(system/fxgl.bundle)
23:01:34.992 [JavaFX Application Thread] DEBUG GameApplication      - Closing logger and exiting JavaFX
