23:23:05.938 [JavaFX Application Thread] DEBUG GameApplication      - Logger initialized
23:23:05.955 [JavaFX Application Thread] DEBUG MainWindow           - Creating a JavaFX scene
23:23:06.113 [JavaFX Application Thread] DEBUG MainWindow           - Target settings size: 1200.0 x 800.0
23:23:06.113 [JavaFX Application Thread] DEBUG MainWindow           - Scaled scene size:    1200.0 x 800.0
23:23:06.113 [JavaFX Application Thread] DEBUG MainWindow           - Scaled ratio: (1.0, 1.0)
23:23:06.519 [JavaFX Application Thread] DEBUG GameApplication      - Starting FXGL
23:23:06.567 [FXGL Launcher Thread     ] INFO  Version              - FXGL-0.4.2
23:23:06.568 [FXGL Launcher Thread     ] INFO  Version              - Source code and latest versions at: https://github.com/AlmasB/FXGL
23:23:06.569 [FXGL Launcher Thread     ] INFO  Version              -              Join the FXGL chat at: https://gitter.im/AlmasB/FXGL
23:23:06.569 [FXGL Launcher Thread     ] DEBUG FXGL                 - Loading FXGL system data
23:23:06.577 [FXGL Launcher Thread     ] DEBUG IOTask               - Executing task: readDataTask(system/fxgl.bundle)
23:23:06.600 [FXGL Launcher Thread     ] DEBUG FS                   - Reading from: system/fxgl.bundle
23:23:06.616 [FXGL Launcher Thread     ] DEBUG IOTask               - Task succeeded: readDataTask(system/fxgl.bundle)
23:23:06.617 [FXGL Launcher Thread     ] DEBUG Bundle               - Logging bundle: FXGL
23:23:06.620 [FXGL Launcher Thread     ] DEBUG Bundle               - FXGL.offline.timer.version.check=2018-02-12T21:06:07.797
23:23:06.714 [FXGL Launcher Thread     ] DEBUG GameApplication      - FXGL started
23:23:06.714 [FXGL Launcher Thread     ] DEBUG GameApplication      - Logging game settings
Title: Worlds Hardest Game!
Version: 0.1
Width: 1200
Height: 800
Fullscreen: false
Intro: false
Menus: false
Profiling: false
Single step:false
App Mode: DEVELOPER
Menu Key: ESCAPE
Stage Style: DECORATED
Scene Factory: class com.almasb.fxgl.scene.SceneFactory
Dialog Factory: class com.almasb.fxgl.ui.FXGLDialogFactory
UI Factory: class com.almasb.fxgl.ui.FXGLUIFactory
Notification Service: class com.almasb.fxgl.gameplay.notification.XboxNotificationView
Exception Handler: class com.almasb.fxgl.app.FXGLExceptionHandler
23:23:06.717 [FXGL Launcher Thread     ] DEBUG GameApplication      - Configuring GameApplication
23:23:06.717 [FXGL Launcher Thread     ] DEBUG GameApplication      - Initializing state machine and application states
23:23:06.728 [FXGL Launcher Thread     ] DEBUG AssetLoader          - Loading from disk: /assets/ui/cursors/fxgl_default.png
23:23:06.767 [FXGL Launcher Thread     ] DEBUG AssetLoader          - Loading from disk: /assets/ui/cursors/fxgl_default.png
23:23:06.770 [FXGL Launcher Thread     ] DEBUG AssetLoader          - Loading from disk: /assets/ui/cursors/fxgl_default.png
23:23:06.789 [FXGL Launcher Thread     ] DEBUG AssetLoader          - Loading from disk: /assets/sounds/core/notification.wav
23:23:06.866 [FXGL Launcher Thread     ] DEBUG AssetLoader          - Loading from disk: /assets/sounds/menu/select.wav
23:23:06.868 [FXGL Launcher Thread     ] DEBUG AssetLoader          - Loading from disk: /assets/sounds/menu/back.wav
23:23:06.869 [FXGL Launcher Thread     ] DEBUG AssetLoader          - Loading from disk: /assets/sounds/menu/press.wav
23:23:06.873 [FXGL Launcher Thread     ] DEBUG AssetLoader          - Loading from disk: /assets/ui/fonts/VarelaRound-Regular.ttf
23:23:06.902 [FXGL Launcher Thread     ] DEBUG AssetLoader          - Loading from disk: /assets/ui/fonts/lucida_console.ttf
23:23:06.918 [FXGL Launcher Thread     ] DEBUG AssetLoader          - Loading from disk: /assets/ui/css/fxgl_dark.css
23:23:06.919 [FXGL Launcher Thread     ] DEBUG AssetLoader          - Loading from disk: /assets/ui/icons/fxgl_icon.png
23:23:06.947 [FXGL Launcher Thread     ] DEBUG AssetLoader          - Loading from disk: /assets/ui/cursors/fxgl_default.png
23:23:06.971 [FXGL Launcher Thread     ] DEBUG FXGL.GameScene       - Game scene initialized: 1200x800
23:23:06.975 [FXGL Launcher Thread     ] DEBUG FXGL.GameWorld       - Game world initialized
23:23:07.036 [FXGL Launcher Thread     ] DEBUG FXGL.PhysicsWorld    - Physics world initialized: appHeight=800, physics.ppm=50,0
23:23:07.090 [FXGL Launcher Thread     ] DEBUG Input                - Registered new binding: Pause - Esc
23:23:07.120 [FXGL Launcher Thread     ] INFO  GameApplication      - Game configuration took:  0,403 sec
23:23:07.124 [JavaFX Application Thread] DEBUG MainWindow           - Opening main window
23:23:07.207 [JavaFX Application Thread] DEBUG MainWindow           - Window border size: (0.0, 22.0)
23:23:07.207 [JavaFX Application Thread] DEBUG MainWindow           - Scaled size: 1200.0 x 800.0
23:23:07.207 [JavaFX Application Thread] DEBUG MainWindow           - Scaled ratio: (1.0, 1.0)
23:23:07.207 [JavaFX Application Thread] DEBUG MainWindow           - Scene size: 1200.0 x 800.0
23:23:07.207 [JavaFX Application Thread] DEBUG MainWindow           - Stage size: 1200.0 x 822.0
23:23:07.207 [JavaFX Application Thread] DEBUG GameApplication      - Running preInit()
23:23:07.209 [JavaFX Application Thread] DEBUG AnnotationParser     - Main app package name: com.company
23:23:07.281 [JavaFX Application Thread] DEBUG AnnotationParser     - @SetAchievementStore: []
23:23:07.282 [JavaFX Application Thread] DEBUG Input                - Registered new binding: Screenshot - P
23:23:07.282 [JavaFX Application Thread] DEBUG Input                - Registered new binding: Dev Options - CTRL+0
23:23:07.283 [JavaFX Application Thread] DEBUG Input                - Registered new binding: Restart - CTRL+R
23:23:07.283 [JavaFX Application Thread] DEBUG Input                - Registered new binding: Move Left - A
23:23:07.283 [JavaFX Application Thread] DEBUG Input                - Registered new binding: Move Right - D
23:23:07.284 [JavaFX Application Thread] DEBUG Input                - Registered new binding: Move Up - W
23:23:07.284 [JavaFX Application Thread] DEBUG Input                - Registered new binding: Move Down - S
23:23:07.295 [JavaFX Application Thread] DEBUG AssetLoader          - Loading from disk: /assets/music/bgm.mp3
23:23:07.378 [JavaFX Application Thread] DEBUG AudioPlayer          - Playing music Music [balance=0.0, volume=1.0, rate=1.0, cycleCount=2147483647]
23:23:07.405 [JavaFX Application Thread] DEBUG GameApplication      - Starting main loop
23:23:07.433 [JavaFX Application Thread] DEBUG StartupState         - STARTUP
23:23:07.433 [JavaFX Application Thread] DEBUG GameApplication      - Starting new game
23:23:07.433 [JavaFX Application Thread] DEBUG Input                - Clearing active input actions
23:23:07.462 [JavaFX Application Thread] DEBUG AppStateMachine      - StartupState -> LoadingState
23:23:07.463 [JavaFX Application Thread] DEBUG AnnotationParser     - Main app package name: com.company
23:23:07.466 [JavaFX Application Thread] DEBUG InitAppTask          - Parsing annotations
23:23:07.480 [JavaFX Application Thread] DEBUG AnnotationParser     - @SetEventHandler: []
23:23:07.481 [JavaFX Application Thread] DEBUG AnnotationParser     - @SetEntityFactory: []
23:23:07.481 [JavaFX Application Thread] DEBUG AnnotationParser     - @AddCollisionHandler: []
23:23:07.486 [FXGL Background Thread 1 ] DEBUG InitAppTask          - Clearing previous game
23:23:07.487 [FXGL Background Thread 1 ] DEBUG FXGL.GameWorld       - Clearing game world
23:23:07.487 [FXGL Background Thread 1 ] DEBUG FXGL.PhysicsWorld    - Clearing physics world
23:23:07.487 [FXGL Background Thread 1 ] DEBUG FXGL.GameScene       - Clearing game scene
23:23:07.488 [FXGL Background Thread 1 ] DEBUG InitAppTask          - Initializing Assets
23:23:07.488 [FXGL Background Thread 1 ] DEBUG InitAppTask          - Initializing Game
23:23:07.529 [FXGL Background Thread 1 ] DEBUG FXGL.GameScene       - Creating render group for layer: TOP(2147483647)
23:23:07.576 [FXGL Background Thread 1 ] DEBUG InitAppTask          - Initializing Physics
23:23:07.577 [FXGL Background Thread 1 ] DEBUG InitAppTask          - Initializing UI
23:23:07.577 [FXGL Background Thread 1 ] DEBUG InitAppTask          - Initialization Complete
23:23:07.578 [FXGL Background Thread 1 ] INFO  InitAppTask          - Game initialization took: 0,091 sec
23:23:07.588 [JavaFX Application Thread] DEBUG Input                - Clearing active input actions
23:23:07.596 [JavaFX Application Thread] DEBUG AppStateMachine      - LoadingState -> PlayState
23:23:11.245 [JavaFX Application Thread] DEBUG GameApplication      - Exiting game application
23:23:11.247 [JavaFX Application Thread] DEBUG GameApplication      - Shutting down background threads
23:23:11.248 [JavaFX Application Thread] DEBUG GameApplication      - Exiting FXGL
23:23:11.248 [JavaFX Application Thread] DEBUG FXGL                 - Saving FXGL system data
23:23:11.249 [JavaFX Application Thread] DEBUG IOTask               - Executing task: writeDataTask(system/fxgl.bundle)
23:23:11.253 [JavaFX Application Thread] DEBUG FS                   - Writing to: system/fxgl.bundle
23:23:11.256 [JavaFX Application Thread] DEBUG IOTask               - Task succeeded: writeDataTask(system/fxgl.bundle)
23:23:11.256 [JavaFX Application Thread] DEBUG GameApplication      - Closing logger and exiting JavaFX
