21:50:09.102 [JavaFX Application Thread] DEBUG GameApplication      - Logger initialized
21:50:09.119 [JavaFX Application Thread] DEBUG MainWindow           - Creating a JavaFX scene
21:50:09.254 [JavaFX Application Thread] DEBUG MainWindow           - Target settings size: 1200.0 x 800.0
21:50:09.255 [JavaFX Application Thread] DEBUG MainWindow           - Scaled scene size:    1200.0 x 800.0
21:50:09.255 [JavaFX Application Thread] DEBUG MainWindow           - Scaled ratio: (1.0, 1.0)
21:50:09.686 [JavaFX Application Thread] DEBUG GameApplication      - Starting FXGL
21:50:09.758 [FXGL Launcher Thread     ] INFO  Version              - FXGL-0.4.2
21:50:09.759 [FXGL Launcher Thread     ] INFO  Version              - Source code and latest versions at: https://github.com/AlmasB/FXGL
21:50:09.769 [FXGL Launcher Thread     ] INFO  Version              -              Join the FXGL chat at: https://gitter.im/AlmasB/FXGL
21:50:09.770 [FXGL Launcher Thread     ] DEBUG FXGL                 - Loading FXGL system data
21:50:09.774 [FXGL Launcher Thread     ] DEBUG IOTask               - Executing task: readDataTask(system/fxgl.bundle)
21:50:09.802 [FXGL Launcher Thread     ] DEBUG FS                   - Reading from: system/fxgl.bundle
21:50:09.829 [FXGL Launcher Thread     ] DEBUG IOTask               - Task succeeded: readDataTask(system/fxgl.bundle)
21:50:09.830 [FXGL Launcher Thread     ] DEBUG Bundle               - Logging bundle: FXGL
21:50:09.833 [FXGL Launcher Thread     ] DEBUG Bundle               - FXGL.offline.timer.version.check=2018-02-05T15:01:58.001
21:50:09.872 [FXGL Launcher Thread     ] DEBUG GameApplication      - FXGL started
21:50:09.872 [FXGL Launcher Thread     ] DEBUG GameApplication      - Logging game settings
Title: Worlds Hardest Game!
Version: 0.1
Width: 1200
Height: 800
Fullscreen: false
Intro: false
Menus: false
Profiling: false
Single step:false
App Mode: DEVELOPER
Menu Key: ESCAPE
Stage Style: DECORATED
Scene Factory: class com.almasb.fxgl.scene.SceneFactory
Dialog Factory: class com.almasb.fxgl.ui.FXGLDialogFactory
UI Factory: class com.almasb.fxgl.ui.FXGLUIFactory
Notification Service: class com.almasb.fxgl.gameplay.notification.XboxNotificationView
Exception Handler: class com.almasb.fxgl.app.FXGLExceptionHandler
21:50:09.873 [FXGL Launcher Thread     ] DEBUG GameApplication      - Configuring GameApplication
21:50:09.874 [FXGL Launcher Thread     ] DEBUG GameApplication      - Initializing state machine and application states
21:50:09.885 [FXGL Launcher Thread     ] DEBUG AssetLoader          - Loading from disk: /assets/ui/cursors/fxgl_default.png
21:50:09.940 [FXGL Launcher Thread     ] DEBUG AssetLoader          - Loading from disk: /assets/ui/cursors/fxgl_default.png
21:50:09.947 [FXGL Launcher Thread     ] DEBUG AssetLoader          - Loading from disk: /assets/ui/cursors/fxgl_default.png
21:50:09.956 [FXGL Launcher Thread     ] DEBUG AssetLoader          - Loading from disk: /assets/sounds/core/notification.wav
21:50:10.020 [FXGL Launcher Thread     ] DEBUG AssetLoader          - Loading from disk: /assets/sounds/menu/select.wav
21:50:10.023 [FXGL Launcher Thread     ] DEBUG AssetLoader          - Loading from disk: /assets/sounds/menu/back.wav
21:50:10.025 [FXGL Launcher Thread     ] DEBUG AssetLoader          - Loading from disk: /assets/sounds/menu/press.wav
21:50:10.028 [FXGL Launcher Thread     ] DEBUG AssetLoader          - Loading from disk: /assets/ui/fonts/VarelaRound-Regular.ttf
21:50:10.049 [FXGL Launcher Thread     ] DEBUG AssetLoader          - Loading from disk: /assets/ui/fonts/lucida_console.ttf
21:50:10.053 [FXGL Launcher Thread     ] DEBUG AssetLoader          - Loading from disk: /assets/ui/css/fxgl_dark.css
21:50:10.053 [FXGL Launcher Thread     ] DEBUG AssetLoader          - Loading from disk: /assets/ui/icons/fxgl_icon.png
21:50:10.075 [FXGL Launcher Thread     ] DEBUG AssetLoader          - Loading from disk: /assets/ui/cursors/fxgl_default.png
21:50:10.098 [FXGL Launcher Thread     ] DEBUG FXGL.GameScene       - Game scene initialized: 1200x800
21:50:10.101 [FXGL Launcher Thread     ] DEBUG FXGL.GameWorld       - Game world initialized
21:50:10.165 [FXGL Launcher Thread     ] DEBUG FXGL.PhysicsWorld    - Physics world initialized: appHeight=800, physics.ppm=50,0
21:50:10.188 [FXGL Launcher Thread     ] DEBUG Input                - Registered new binding: Pause - Esc
21:50:10.198 [FXGL Launcher Thread     ] INFO  GameApplication      - Game configuration took:  0,325 sec
21:50:10.200 [JavaFX Application Thread] DEBUG MainWindow           - Opening main window
21:50:10.259 [JavaFX Application Thread] DEBUG MainWindow           - Window border size: (0.0, 22.0)
21:50:10.260 [JavaFX Application Thread] DEBUG MainWindow           - Scaled size: 1200.0 x 800.0
21:50:10.260 [JavaFX Application Thread] DEBUG MainWindow           - Scaled ratio: (1.0, 1.0)
21:50:10.260 [JavaFX Application Thread] DEBUG MainWindow           - Scene size: 1200.0 x 800.0
21:50:10.260 [JavaFX Application Thread] DEBUG MainWindow           - Stage size: 1200.0 x 822.0
21:50:10.260 [JavaFX Application Thread] DEBUG GameApplication      - Running preInit()
21:50:10.261 [JavaFX Application Thread] DEBUG AnnotationParser     - Main app package name: com.company
21:50:10.333 [JavaFX Application Thread] DEBUG AnnotationParser     - @SetAchievementStore: []
21:50:10.334 [JavaFX Application Thread] DEBUG Input                - Registered new binding: Screenshot - P
21:50:10.335 [JavaFX Application Thread] DEBUG Input                - Registered new binding: Dev Options - CTRL+0
21:50:10.335 [JavaFX Application Thread] DEBUG Input                - Registered new binding: Restart - CTRL+R
21:50:10.335 [JavaFX Application Thread] DEBUG Input                - Registered new binding: Move Left - A
21:50:10.335 [JavaFX Application Thread] DEBUG Input                - Registered new binding: Move Right - D
21:50:10.335 [JavaFX Application Thread] DEBUG Input                - Registered new binding: Move Up - W
21:50:10.336 [JavaFX Application Thread] DEBUG Input                - Registered new binding: Move Down - S
21:50:10.366 [JavaFX Application Thread] DEBUG GameApplication      - Starting main loop
21:50:10.393 [JavaFX Application Thread] DEBUG StartupState         - STARTUP
21:50:10.393 [JavaFX Application Thread] DEBUG GameApplication      - Starting new game
21:50:10.394 [JavaFX Application Thread] DEBUG Input                - Clearing active input actions
21:50:10.426 [JavaFX Application Thread] DEBUG AppStateMachine      - StartupState -> LoadingState
21:50:10.427 [JavaFX Application Thread] DEBUG AnnotationParser     - Main app package name: com.company
21:50:10.427 [JavaFX Application Thread] DEBUG InitAppTask          - Parsing annotations
21:50:10.475 [JavaFX Application Thread] DEBUG AnnotationParser     - @AddCollisionHandler: []
21:50:10.475 [JavaFX Application Thread] DEBUG AnnotationParser     - @SetEventHandler: []
21:50:10.475 [JavaFX Application Thread] DEBUG AnnotationParser     - @SetEntityFactory: []
21:50:10.483 [FXGL Background Thread 1 ] DEBUG InitAppTask          - Clearing previous game
21:50:10.483 [FXGL Background Thread 1 ] DEBUG FXGL.GameWorld       - Clearing game world
21:50:10.484 [FXGL Background Thread 1 ] DEBUG FXGL.PhysicsWorld    - Clearing physics world
21:50:10.484 [FXGL Background Thread 1 ] DEBUG FXGL.GameScene       - Clearing game scene
21:50:10.485 [FXGL Background Thread 1 ] DEBUG InitAppTask          - Initializing Assets
21:50:10.485 [FXGL Background Thread 1 ] DEBUG InitAppTask          - Initializing Game
21:50:10.523 [FXGL Background Thread 1 ] DEBUG FXGL.GameScene       - Creating render group for layer: TOP(2147483647)
21:50:10.534 [FXGL Background Thread 1 ] DEBUG InitAppTask          - Initializing Physics
21:50:10.535 [FXGL Background Thread 1 ] DEBUG InitAppTask          - Initializing UI
21:50:10.535 [FXGL Background Thread 1 ] DEBUG InitAppTask          - Initialization Complete
21:50:10.535 [FXGL Background Thread 1 ] INFO  InitAppTask          - Game initialization took: 0,052 sec
21:50:10.570 [JavaFX Application Thread] DEBUG Input                - Clearing active input actions
21:50:10.579 [JavaFX Application Thread] DEBUG AppStateMachine      - LoadingState -> PlayState
21:50:15.535 [JavaFX Application Thread] DEBUG GameApplication      - Exiting game application
21:50:15.537 [JavaFX Application Thread] DEBUG GameApplication      - Shutting down background threads
21:50:15.537 [JavaFX Application Thread] DEBUG GameApplication      - Exiting FXGL
21:50:15.537 [JavaFX Application Thread] DEBUG FXGL                 - Saving FXGL system data
21:50:15.538 [JavaFX Application Thread] DEBUG IOTask               - Executing task: writeDataTask(system/fxgl.bundle)
21:50:15.542 [JavaFX Application Thread] DEBUG FS                   - Writing to: system/fxgl.bundle
21:50:15.545 [JavaFX Application Thread] DEBUG IOTask               - Task succeeded: writeDataTask(system/fxgl.bundle)
21:50:15.545 [JavaFX Application Thread] DEBUG GameApplication      - Closing logger and exiting JavaFX
