22:02:38.776 [JavaFX Application Thread] DEBUG GameApplication      - Logger initialized
22:02:38.793 [JavaFX Application Thread] DEBUG MainWindow           - Creating a JavaFX scene
22:02:38.981 [JavaFX Application Thread] DEBUG MainWindow           - Target settings size: 1200.0 x 800.0
22:02:38.982 [JavaFX Application Thread] DEBUG MainWindow           - Scaled scene size:    1200.0 x 800.0
22:02:38.983 [JavaFX Application Thread] DEBUG MainWindow           - Scaled ratio: (1.0, 1.0)
22:02:39.397 [JavaFX Application Thread] DEBUG GameApplication      - Starting FXGL
22:02:39.462 [FXGL Launcher Thread     ] INFO  Version              - FXGL-0.4.2
22:02:39.463 [FXGL Launcher Thread     ] INFO  Version              - Source code and latest versions at: https://github.com/AlmasB/FXGL
22:02:39.463 [FXGL Launcher Thread     ] INFO  Version              -              Join the FXGL chat at: https://gitter.im/AlmasB/FXGL
22:02:39.464 [FXGL Launcher Thread     ] DEBUG FXGL                 - Loading FXGL system data
22:02:39.472 [FXGL Launcher Thread     ] DEBUG IOTask               - Executing task: readDataTask(system/fxgl.bundle)
22:02:39.504 [FXGL Launcher Thread     ] DEBUG FS                   - Reading from: system/fxgl.bundle
22:02:39.523 [FXGL Launcher Thread     ] DEBUG IOTask               - Task succeeded: readDataTask(system/fxgl.bundle)
22:02:39.523 [FXGL Launcher Thread     ] DEBUG Bundle               - Logging bundle: FXGL
22:02:39.524 [FXGL Launcher Thread     ] DEBUG Bundle               - FXGL.offline.timer.version.check=2018-02-05T15:01:58.001
22:02:39.591 [FXGL Launcher Thread     ] DEBUG GameApplication      - FXGL started
22:02:39.591 [FXGL Launcher Thread     ] DEBUG GameApplication      - Logging game settings
Title: Worlds Hardest Game!
Version: 0.1
Width: 1200
Height: 800
Fullscreen: false
Intro: false
Menus: false
Profiling: false
Single step:false
App Mode: DEVELOPER
Menu Key: ESCAPE
Stage Style: DECORATED
Scene Factory: class com.almasb.fxgl.scene.SceneFactory
Dialog Factory: class com.almasb.fxgl.ui.FXGLDialogFactory
UI Factory: class com.almasb.fxgl.ui.FXGLUIFactory
Notification Service: class com.almasb.fxgl.gameplay.notification.XboxNotificationView
Exception Handler: class com.almasb.fxgl.app.FXGLExceptionHandler
22:02:39.593 [FXGL Launcher Thread     ] DEBUG GameApplication      - Configuring GameApplication
22:02:39.593 [FXGL Launcher Thread     ] DEBUG GameApplication      - Initializing state machine and application states
22:02:39.604 [FXGL Launcher Thread     ] DEBUG AssetLoader          - Loading from disk: /assets/ui/cursors/fxgl_default.png
22:02:39.634 [FXGL Launcher Thread     ] DEBUG AssetLoader          - Loading from disk: /assets/ui/cursors/fxgl_default.png
22:02:39.636 [FXGL Launcher Thread     ] DEBUG AssetLoader          - Loading from disk: /assets/ui/cursors/fxgl_default.png
22:02:39.646 [FXGL Launcher Thread     ] DEBUG AssetLoader          - Loading from disk: /assets/sounds/core/notification.wav
22:02:39.712 [FXGL Launcher Thread     ] DEBUG AssetLoader          - Loading from disk: /assets/sounds/menu/select.wav
22:02:39.714 [FXGL Launcher Thread     ] DEBUG AssetLoader          - Loading from disk: /assets/sounds/menu/back.wav
22:02:39.716 [FXGL Launcher Thread     ] DEBUG AssetLoader          - Loading from disk: /assets/sounds/menu/press.wav
22:02:39.718 [FXGL Launcher Thread     ] DEBUG AssetLoader          - Loading from disk: /assets/ui/fonts/VarelaRound-Regular.ttf
22:02:39.744 [FXGL Launcher Thread     ] DEBUG AssetLoader          - Loading from disk: /assets/ui/fonts/lucida_console.ttf
22:02:39.748 [FXGL Launcher Thread     ] DEBUG AssetLoader          - Loading from disk: /assets/ui/css/fxgl_dark.css
22:02:39.749 [FXGL Launcher Thread     ] DEBUG AssetLoader          - Loading from disk: /assets/ui/icons/fxgl_icon.png
22:02:39.769 [FXGL Launcher Thread     ] DEBUG AssetLoader          - Loading from disk: /assets/ui/cursors/fxgl_default.png
22:02:39.793 [FXGL Launcher Thread     ] DEBUG FXGL.GameScene       - Game scene initialized: 1200x800
22:02:39.796 [FXGL Launcher Thread     ] DEBUG FXGL.GameWorld       - Game world initialized
22:02:39.854 [FXGL Launcher Thread     ] DEBUG FXGL.PhysicsWorld    - Physics world initialized: appHeight=800, physics.ppm=50,0
22:02:39.910 [FXGL Launcher Thread     ] DEBUG Input                - Registered new binding: Pause - Esc
22:02:39.931 [FXGL Launcher Thread     ] INFO  GameApplication      - Game configuration took:  0,338 sec
22:02:39.934 [JavaFX Application Thread] DEBUG MainWindow           - Opening main window
22:02:40.004 [JavaFX Application Thread] DEBUG MainWindow           - Window border size: (0.0, 22.0)
22:02:40.004 [JavaFX Application Thread] DEBUG MainWindow           - Scaled size: 1200.0 x 800.0
22:02:40.004 [JavaFX Application Thread] DEBUG MainWindow           - Scaled ratio: (1.0, 1.0)
22:02:40.004 [JavaFX Application Thread] DEBUG MainWindow           - Scene size: 1200.0 x 800.0
22:02:40.004 [JavaFX Application Thread] DEBUG MainWindow           - Stage size: 1200.0 x 822.0
22:02:40.004 [JavaFX Application Thread] DEBUG GameApplication      - Running preInit()
22:02:40.006 [JavaFX Application Thread] DEBUG AnnotationParser     - Main app package name: com.company
22:02:40.083 [JavaFX Application Thread] DEBUG AnnotationParser     - @SetAchievementStore: []
22:02:40.084 [JavaFX Application Thread] DEBUG Input                - Registered new binding: Screenshot - P
22:02:40.085 [JavaFX Application Thread] DEBUG Input                - Registered new binding: Dev Options - CTRL+0
22:02:40.085 [JavaFX Application Thread] DEBUG Input                - Registered new binding: Restart - CTRL+R
22:02:40.085 [JavaFX Application Thread] DEBUG Input                - Registered new binding: Move Left - A
22:02:40.085 [JavaFX Application Thread] DEBUG Input                - Registered new binding: Move Right - D
22:02:40.085 [JavaFX Application Thread] DEBUG Input                - Registered new binding: Move Up - W
22:02:40.085 [JavaFX Application Thread] DEBUG Input                - Registered new binding: Move Down - S
22:02:40.116 [JavaFX Application Thread] DEBUG GameApplication      - Starting main loop
22:02:40.142 [JavaFX Application Thread] DEBUG StartupState         - STARTUP
22:02:40.142 [JavaFX Application Thread] DEBUG GameApplication      - Starting new game
22:02:40.142 [JavaFX Application Thread] DEBUG Input                - Clearing active input actions
22:02:40.177 [JavaFX Application Thread] DEBUG AppStateMachine      - StartupState -> LoadingState
22:02:40.178 [JavaFX Application Thread] DEBUG AnnotationParser     - Main app package name: com.company
22:02:40.180 [JavaFX Application Thread] DEBUG InitAppTask          - Parsing annotations
22:02:40.194 [JavaFX Application Thread] DEBUG AnnotationParser     - @SetEventHandler: []
22:02:40.194 [JavaFX Application Thread] DEBUG AnnotationParser     - @SetEntityFactory: []
22:02:40.194 [JavaFX Application Thread] DEBUG AnnotationParser     - @AddCollisionHandler: []
22:02:40.200 [FXGL Background Thread 1 ] DEBUG InitAppTask          - Clearing previous game
22:02:40.200 [FXGL Background Thread 1 ] DEBUG FXGL.GameWorld       - Clearing game world
22:02:40.200 [FXGL Background Thread 1 ] DEBUG FXGL.PhysicsWorld    - Clearing physics world
22:02:40.200 [FXGL Background Thread 1 ] DEBUG FXGL.GameScene       - Clearing game scene
22:02:40.201 [FXGL Background Thread 1 ] DEBUG InitAppTask          - Initializing Assets
22:02:40.202 [FXGL Background Thread 1 ] DEBUG InitAppTask          - Initializing Game
22:02:40.243 [FXGL Background Thread 1 ] DEBUG FXGL.GameScene       - Creating render group for layer: TOP(2147483647)
22:02:40.253 [FXGL Background Thread 1 ] DEBUG InitAppTask          - Initializing Physics
22:02:40.253 [FXGL Background Thread 1 ] DEBUG InitAppTask          - Initializing UI
22:02:40.254 [FXGL Background Thread 1 ] DEBUG InitAppTask          - Initialization Complete
22:02:40.254 [FXGL Background Thread 1 ] INFO  InitAppTask          - Game initialization took: 0,054 sec
22:02:40.288 [JavaFX Application Thread] DEBUG Input                - Clearing active input actions
22:02:40.296 [JavaFX Application Thread] DEBUG AppStateMachine      - LoadingState -> PlayState
22:02:48.555 [JavaFX Application Thread] DEBUG GameApplication      - Exiting game application
22:02:48.556 [JavaFX Application Thread] DEBUG GameApplication      - Shutting down background threads
22:02:48.556 [JavaFX Application Thread] DEBUG GameApplication      - Exiting FXGL
22:02:48.556 [JavaFX Application Thread] DEBUG FXGL                 - Saving FXGL system data
22:02:48.557 [JavaFX Application Thread] DEBUG IOTask               - Executing task: writeDataTask(system/fxgl.bundle)
22:02:48.561 [JavaFX Application Thread] DEBUG FS                   - Writing to: system/fxgl.bundle
22:02:48.565 [JavaFX Application Thread] DEBUG IOTask               - Task succeeded: writeDataTask(system/fxgl.bundle)
22:02:48.565 [JavaFX Application Thread] DEBUG GameApplication      - Closing logger and exiting JavaFX
