22:09:49.036 [JavaFX Application Thread] DEBUG GameApplication      - Logger initialized
22:09:49.052 [JavaFX Application Thread] DEBUG MainWindow           - Creating a JavaFX scene
22:09:49.191 [JavaFX Application Thread] DEBUG MainWindow           - Target settings size: 1200.0 x 800.0
22:09:49.191 [JavaFX Application Thread] DEBUG MainWindow           - Scaled scene size:    1200.0 x 800.0
22:09:49.192 [JavaFX Application Thread] DEBUG MainWindow           - Scaled ratio: (1.0, 1.0)
22:09:49.626 [JavaFX Application Thread] DEBUG GameApplication      - Starting FXGL
22:09:49.690 [FXGL Launcher Thread     ] INFO  Version              - FXGL-0.4.2
22:09:49.690 [FXGL Launcher Thread     ] INFO  Version              - Source code and latest versions at: https://github.com/AlmasB/FXGL
22:09:49.691 [FXGL Launcher Thread     ] INFO  Version              -              Join the FXGL chat at: https://gitter.im/AlmasB/FXGL
22:09:49.691 [FXGL Launcher Thread     ] DEBUG FXGL                 - Loading FXGL system data
22:09:49.696 [FXGL Launcher Thread     ] DEBUG IOTask               - Executing task: readDataTask(system/fxgl.bundle)
22:09:49.725 [FXGL Launcher Thread     ] DEBUG FS                   - Reading from: system/fxgl.bundle
22:09:49.749 [FXGL Launcher Thread     ] DEBUG IOTask               - Task succeeded: readDataTask(system/fxgl.bundle)
22:09:49.750 [FXGL Launcher Thread     ] DEBUG Bundle               - Logging bundle: FXGL
22:09:49.750 [FXGL Launcher Thread     ] DEBUG Bundle               - FXGL.offline.timer.version.check=2018-02-05T15:01:58.001
22:09:49.815 [FXGL Launcher Thread     ] DEBUG GameApplication      - FXGL started
22:09:49.815 [FXGL Launcher Thread     ] DEBUG GameApplication      - Logging game settings
Title: Worlds Hardest Game!
Version: 0.1
Width: 1200
Height: 800
Fullscreen: false
Intro: false
Menus: false
Profiling: false
Single step:false
App Mode: DEVELOPER
Menu Key: ESCAPE
Stage Style: DECORATED
Scene Factory: class com.almasb.fxgl.scene.SceneFactory
Dialog Factory: class com.almasb.fxgl.ui.FXGLDialogFactory
UI Factory: class com.almasb.fxgl.ui.FXGLUIFactory
Notification Service: class com.almasb.fxgl.gameplay.notification.XboxNotificationView
Exception Handler: class com.almasb.fxgl.app.FXGLExceptionHandler
22:09:49.816 [FXGL Launcher Thread     ] DEBUG GameApplication      - Configuring GameApplication
22:09:49.816 [FXGL Launcher Thread     ] DEBUG GameApplication      - Initializing state machine and application states
22:09:49.827 [FXGL Launcher Thread     ] DEBUG AssetLoader          - Loading from disk: /assets/ui/cursors/fxgl_default.png
22:09:49.857 [FXGL Launcher Thread     ] DEBUG AssetLoader          - Loading from disk: /assets/ui/cursors/fxgl_default.png
22:09:49.859 [FXGL Launcher Thread     ] DEBUG AssetLoader          - Loading from disk: /assets/ui/cursors/fxgl_default.png
22:09:49.873 [FXGL Launcher Thread     ] DEBUG AssetLoader          - Loading from disk: /assets/sounds/core/notification.wav
22:09:49.950 [FXGL Launcher Thread     ] DEBUG AssetLoader          - Loading from disk: /assets/sounds/menu/select.wav
22:09:49.951 [FXGL Launcher Thread     ] DEBUG AssetLoader          - Loading from disk: /assets/sounds/menu/back.wav
22:09:49.953 [FXGL Launcher Thread     ] DEBUG AssetLoader          - Loading from disk: /assets/sounds/menu/press.wav
22:09:49.957 [FXGL Launcher Thread     ] DEBUG AssetLoader          - Loading from disk: /assets/ui/fonts/VarelaRound-Regular.ttf
22:09:49.972 [FXGL Launcher Thread     ] DEBUG AssetLoader          - Loading from disk: /assets/ui/fonts/lucida_console.ttf
22:09:49.977 [FXGL Launcher Thread     ] DEBUG AssetLoader          - Loading from disk: /assets/ui/css/fxgl_dark.css
22:09:49.977 [FXGL Launcher Thread     ] DEBUG AssetLoader          - Loading from disk: /assets/ui/icons/fxgl_icon.png
22:09:49.995 [FXGL Launcher Thread     ] DEBUG AssetLoader          - Loading from disk: /assets/ui/cursors/fxgl_default.png
22:09:50.014 [FXGL Launcher Thread     ] DEBUG FXGL.GameScene       - Game scene initialized: 1200x800
22:09:50.016 [FXGL Launcher Thread     ] DEBUG FXGL.GameWorld       - Game world initialized
22:09:50.069 [FXGL Launcher Thread     ] DEBUG FXGL.PhysicsWorld    - Physics world initialized: appHeight=800, physics.ppm=50,0
22:09:50.086 [FXGL Launcher Thread     ] DEBUG Input                - Registered new binding: Pause - Esc
22:09:50.097 [FXGL Launcher Thread     ] INFO  GameApplication      - Game configuration took:  0,280 sec
22:09:50.098 [JavaFX Application Thread] DEBUG MainWindow           - Opening main window
22:09:50.175 [JavaFX Application Thread] DEBUG MainWindow           - Window border size: (0.0, 22.0)
22:09:50.175 [JavaFX Application Thread] DEBUG MainWindow           - Scaled size: 1200.0 x 800.0
22:09:50.175 [JavaFX Application Thread] DEBUG MainWindow           - Scaled ratio: (1.0, 1.0)
22:09:50.175 [JavaFX Application Thread] DEBUG MainWindow           - Scene size: 1200.0 x 800.0
22:09:50.175 [JavaFX Application Thread] DEBUG MainWindow           - Stage size: 1200.0 x 822.0
22:09:50.176 [JavaFX Application Thread] DEBUG GameApplication      - Running preInit()
22:09:50.177 [JavaFX Application Thread] DEBUG AnnotationParser     - Main app package name: com.company
22:09:50.249 [JavaFX Application Thread] DEBUG AnnotationParser     - @SetAchievementStore: []
22:09:50.250 [JavaFX Application Thread] DEBUG Input                - Registered new binding: Screenshot - P
22:09:50.250 [JavaFX Application Thread] DEBUG Input                - Registered new binding: Dev Options - CTRL+0
22:09:50.251 [JavaFX Application Thread] DEBUG Input                - Registered new binding: Restart - CTRL+R
22:09:50.251 [JavaFX Application Thread] DEBUG Input                - Registered new binding: Move Left - A
22:09:50.251 [JavaFX Application Thread] DEBUG Input                - Registered new binding: Move Right - D
22:09:50.251 [JavaFX Application Thread] DEBUG Input                - Registered new binding: Move Up - W
22:09:50.251 [JavaFX Application Thread] DEBUG Input                - Registered new binding: Move Down - S
22:09:50.283 [JavaFX Application Thread] DEBUG GameApplication      - Starting main loop
22:09:50.309 [JavaFX Application Thread] DEBUG StartupState         - STARTUP
22:09:50.309 [JavaFX Application Thread] DEBUG GameApplication      - Starting new game
22:09:50.309 [JavaFX Application Thread] DEBUG Input                - Clearing active input actions
22:09:50.343 [JavaFX Application Thread] DEBUG AppStateMachine      - StartupState -> LoadingState
22:09:50.344 [JavaFX Application Thread] DEBUG AnnotationParser     - Main app package name: com.company
22:09:50.344 [JavaFX Application Thread] DEBUG InitAppTask          - Parsing annotations
22:09:50.357 [JavaFX Application Thread] DEBUG AnnotationParser     - @SetEntityFactory: []
22:09:50.357 [JavaFX Application Thread] DEBUG AnnotationParser     - @SetEventHandler: []
22:09:50.358 [JavaFX Application Thread] DEBUG AnnotationParser     - @AddCollisionHandler: []
22:09:50.363 [FXGL Background Thread 1 ] DEBUG InitAppTask          - Clearing previous game
22:09:50.363 [FXGL Background Thread 1 ] DEBUG FXGL.GameWorld       - Clearing game world
22:09:50.363 [FXGL Background Thread 1 ] DEBUG FXGL.PhysicsWorld    - Clearing physics world
22:09:50.363 [FXGL Background Thread 1 ] DEBUG FXGL.GameScene       - Clearing game scene
22:09:50.364 [FXGL Background Thread 1 ] DEBUG InitAppTask          - Initializing Assets
22:09:50.365 [FXGL Background Thread 1 ] DEBUG InitAppTask          - Initializing Game
22:09:50.406 [FXGL Background Thread 1 ] DEBUG FXGL.GameScene       - Creating render group for layer: TOP(2147483647)
22:09:50.417 [FXGL Background Thread 1 ] DEBUG InitAppTask          - Initializing Physics
22:09:50.418 [FXGL Background Thread 1 ] DEBUG InitAppTask          - Initializing UI
22:09:50.418 [FXGL Background Thread 1 ] DEBUG InitAppTask          - Initialization Complete
22:09:50.418 [FXGL Background Thread 1 ] INFO  InitAppTask          - Game initialization took: 0,055 sec
22:09:50.454 [JavaFX Application Thread] DEBUG Input                - Clearing active input actions
22:09:50.461 [JavaFX Application Thread] DEBUG AppStateMachine      - LoadingState -> PlayState
22:09:56.149 [JavaFX Application Thread] DEBUG GameApplication      - Exiting game application
22:09:56.150 [JavaFX Application Thread] DEBUG GameApplication      - Shutting down background threads
22:09:56.151 [JavaFX Application Thread] DEBUG GameApplication      - Exiting FXGL
22:09:56.151 [JavaFX Application Thread] DEBUG FXGL                 - Saving FXGL system data
22:09:56.153 [JavaFX Application Thread] DEBUG IOTask               - Executing task: writeDataTask(system/fxgl.bundle)
22:09:56.155 [JavaFX Application Thread] DEBUG FS                   - Writing to: system/fxgl.bundle
22:09:56.159 [JavaFX Application Thread] DEBUG IOTask               - Task succeeded: writeDataTask(system/fxgl.bundle)
22:09:56.159 [JavaFX Application Thread] DEBUG GameApplication      - Closing logger and exiting JavaFX
