23:07:43.792 [JavaFX Application Thread] DEBUG GameApplication      - Logger initialized
23:07:43.814 [JavaFX Application Thread] DEBUG MainWindow           - Creating a JavaFX scene
23:07:43.973 [JavaFX Application Thread] DEBUG MainWindow           - Target settings size: 1200.0 x 800.0
23:07:43.974 [JavaFX Application Thread] DEBUG MainWindow           - Scaled scene size:    1200.0 x 800.0
23:07:43.975 [JavaFX Application Thread] DEBUG MainWindow           - Scaled ratio: (1.0, 1.0)
23:07:44.377 [JavaFX Application Thread] DEBUG GameApplication      - Starting FXGL
23:07:44.439 [FXGL Launcher Thread     ] INFO  Version              - FXGL-0.4.2
23:07:44.439 [FXGL Launcher Thread     ] INFO  Version              - Source code and latest versions at: https://github.com/AlmasB/FXGL
23:07:44.440 [FXGL Launcher Thread     ] INFO  Version              -              Join the FXGL chat at: https://gitter.im/AlmasB/FXGL
23:07:44.440 [FXGL Launcher Thread     ] DEBUG FXGL                 - Loading FXGL system data
23:07:44.454 [FXGL Launcher Thread     ] DEBUG IOTask               - Executing task: readDataTask(system/fxgl.bundle)
23:07:44.476 [FXGL Launcher Thread     ] DEBUG FS                   - Reading from: system/fxgl.bundle
23:07:44.486 [FXGL Launcher Thread     ] DEBUG IOTask               - Task succeeded: readDataTask(system/fxgl.bundle)
23:07:44.488 [FXGL Launcher Thread     ] DEBUG Bundle               - Logging bundle: FXGL
23:07:44.490 [FXGL Launcher Thread     ] DEBUG Bundle               - FXGL.offline.timer.version.check=2018-02-12T21:06:07.797
23:07:44.575 [FXGL Launcher Thread     ] DEBUG GameApplication      - FXGL started
23:07:44.576 [FXGL Launcher Thread     ] DEBUG GameApplication      - Logging game settings
Title: Worlds Hardest Game!
Version: 0.1
Width: 1200
Height: 800
Fullscreen: false
Intro: false
Menus: false
Profiling: false
Single step:false
App Mode: DEVELOPER
Menu Key: ESCAPE
Stage Style: DECORATED
Scene Factory: class com.almasb.fxgl.scene.SceneFactory
Dialog Factory: class com.almasb.fxgl.ui.FXGLDialogFactory
UI Factory: class com.almasb.fxgl.ui.FXGLUIFactory
Notification Service: class com.almasb.fxgl.gameplay.notification.XboxNotificationView
Exception Handler: class com.almasb.fxgl.app.FXGLExceptionHandler
23:07:44.579 [FXGL Launcher Thread     ] DEBUG GameApplication      - Configuring GameApplication
23:07:44.579 [FXGL Launcher Thread     ] DEBUG GameApplication      - Initializing state machine and application states
23:07:44.591 [FXGL Launcher Thread     ] DEBUG AssetLoader          - Loading from disk: /assets/ui/cursors/fxgl_default.png
23:07:44.628 [FXGL Launcher Thread     ] DEBUG AssetLoader          - Loading from disk: /assets/ui/cursors/fxgl_default.png
23:07:44.633 [FXGL Launcher Thread     ] DEBUG AssetLoader          - Loading from disk: /assets/ui/cursors/fxgl_default.png
23:07:44.690 [FXGL Launcher Thread     ] DEBUG AssetLoader          - Loading from disk: /assets/sounds/core/notification.wav
23:07:44.748 [FXGL Launcher Thread     ] DEBUG AssetLoader          - Loading from disk: /assets/sounds/menu/select.wav
23:07:44.750 [FXGL Launcher Thread     ] DEBUG AssetLoader          - Loading from disk: /assets/sounds/menu/back.wav
23:07:44.753 [FXGL Launcher Thread     ] DEBUG AssetLoader          - Loading from disk: /assets/sounds/menu/press.wav
23:07:44.757 [FXGL Launcher Thread     ] DEBUG AssetLoader          - Loading from disk: /assets/ui/fonts/VarelaRound-Regular.ttf
23:07:44.791 [FXGL Launcher Thread     ] DEBUG AssetLoader          - Loading from disk: /assets/ui/fonts/lucida_console.ttf
23:07:44.796 [FXGL Launcher Thread     ] DEBUG AssetLoader          - Loading from disk: /assets/ui/css/fxgl_dark.css
23:07:44.797 [FXGL Launcher Thread     ] DEBUG AssetLoader          - Loading from disk: /assets/ui/icons/fxgl_icon.png
23:07:44.817 [FXGL Launcher Thread     ] DEBUG AssetLoader          - Loading from disk: /assets/ui/cursors/fxgl_default.png
23:07:44.842 [FXGL Launcher Thread     ] DEBUG FXGL.GameScene       - Game scene initialized: 1200x800
23:07:44.845 [FXGL Launcher Thread     ] DEBUG FXGL.GameWorld       - Game world initialized
23:07:44.909 [FXGL Launcher Thread     ] DEBUG FXGL.PhysicsWorld    - Physics world initialized: appHeight=800, physics.ppm=50,0
23:07:44.955 [FXGL Launcher Thread     ] DEBUG Input                - Registered new binding: Pause - Esc
23:07:44.986 [FXGL Launcher Thread     ] INFO  GameApplication      - Game configuration took:  0,406 sec
23:07:44.988 [JavaFX Application Thread] DEBUG MainWindow           - Opening main window
23:07:45.069 [JavaFX Application Thread] DEBUG MainWindow           - Window border size: (0.0, 22.0)
23:07:45.069 [JavaFX Application Thread] DEBUG MainWindow           - Scaled size: 1200.0 x 800.0
23:07:45.069 [JavaFX Application Thread] DEBUG MainWindow           - Scaled ratio: (1.0, 1.0)
23:07:45.070 [JavaFX Application Thread] DEBUG MainWindow           - Scene size: 1200.0 x 800.0
23:07:45.070 [JavaFX Application Thread] DEBUG MainWindow           - Stage size: 1200.0 x 822.0
23:07:45.070 [JavaFX Application Thread] DEBUG GameApplication      - Running preInit()
23:07:45.071 [JavaFX Application Thread] DEBUG AnnotationParser     - Main app package name: com.company
23:07:45.171 [JavaFX Application Thread] DEBUG AnnotationParser     - @SetAchievementStore: []
23:07:45.172 [JavaFX Application Thread] DEBUG Input                - Registered new binding: Screenshot - P
23:07:45.172 [JavaFX Application Thread] DEBUG Input                - Registered new binding: Dev Options - CTRL+0
23:07:45.173 [JavaFX Application Thread] DEBUG Input                - Registered new binding: Restart - CTRL+R
23:07:45.173 [JavaFX Application Thread] DEBUG Input                - Registered new binding: Move Left - A
23:07:45.173 [JavaFX Application Thread] DEBUG Input                - Registered new binding: Move Right - D
23:07:45.173 [JavaFX Application Thread] DEBUG Input                - Registered new binding: Move Up - W
23:07:45.174 [JavaFX Application Thread] DEBUG Input                - Registered new binding: Move Down - S
23:07:45.185 [JavaFX Application Thread] DEBUG AssetLoader          - Loading from disk: /assets/music/bgm.mp3
23:07:45.262 [JavaFX Application Thread] DEBUG AudioPlayer          - Playing music Music [balance=0.0, volume=1.0, rate=1.0, cycleCount=2147483647]
23:07:45.292 [JavaFX Application Thread] DEBUG GameApplication      - Starting main loop
23:07:45.318 [JavaFX Application Thread] DEBUG StartupState         - STARTUP
23:07:45.318 [JavaFX Application Thread] DEBUG GameApplication      - Starting new game
23:07:45.319 [JavaFX Application Thread] DEBUG Input                - Clearing active input actions
23:07:45.346 [JavaFX Application Thread] DEBUG AppStateMachine      - StartupState -> LoadingState
23:07:45.348 [JavaFX Application Thread] DEBUG AnnotationParser     - Main app package name: com.company
23:07:45.348 [JavaFX Application Thread] DEBUG InitAppTask          - Parsing annotations
23:07:45.380 [JavaFX Application Thread] DEBUG AnnotationParser     - @AddCollisionHandler: []
23:07:45.381 [JavaFX Application Thread] DEBUG AnnotationParser     - @SetEntityFactory: []
23:07:45.381 [JavaFX Application Thread] DEBUG AnnotationParser     - @SetEventHandler: []
23:07:45.387 [FXGL Background Thread 1 ] DEBUG InitAppTask          - Clearing previous game
23:07:45.387 [FXGL Background Thread 1 ] DEBUG FXGL.GameWorld       - Clearing game world
23:07:45.387 [FXGL Background Thread 1 ] DEBUG FXGL.PhysicsWorld    - Clearing physics world
23:07:45.387 [FXGL Background Thread 1 ] DEBUG FXGL.GameScene       - Clearing game scene
23:07:45.388 [FXGL Background Thread 1 ] DEBUG InitAppTask          - Initializing Assets
23:07:45.388 [FXGL Background Thread 1 ] DEBUG InitAppTask          - Initializing Game
23:07:45.429 [FXGL Background Thread 1 ] DEBUG FXGL.GameScene       - Creating render group for layer: TOP(2147483647)
23:07:45.478 [FXGL Background Thread 1 ] DEBUG InitAppTask          - Initializing Physics
23:07:45.483 [FXGL Background Thread 1 ] DEBUG InitAppTask          - Initializing UI
23:07:45.483 [FXGL Background Thread 1 ] DEBUG InitAppTask          - Initialization Complete
23:07:45.483 [FXGL Background Thread 1 ] INFO  InitAppTask          - Game initialization took: 0,097 sec
23:07:45.495 [JavaFX Application Thread] DEBUG Input                - Clearing active input actions
23:07:45.505 [JavaFX Application Thread] DEBUG AppStateMachine      - LoadingState -> PlayState
23:07:53.630 [JavaFX Application Thread] DEBUG GameApplication      - Exiting game application
23:07:53.632 [JavaFX Application Thread] DEBUG GameApplication      - Shutting down background threads
23:07:53.632 [JavaFX Application Thread] DEBUG GameApplication      - Exiting FXGL
23:07:53.632 [JavaFX Application Thread] DEBUG FXGL                 - Saving FXGL system data
23:07:53.634 [JavaFX Application Thread] DEBUG IOTask               - Executing task: writeDataTask(system/fxgl.bundle)
23:07:53.637 [JavaFX Application Thread] DEBUG FS                   - Writing to: system/fxgl.bundle
23:07:53.641 [JavaFX Application Thread] DEBUG IOTask               - Task succeeded: writeDataTask(system/fxgl.bundle)
23:07:53.641 [JavaFX Application Thread] DEBUG GameApplication      - Closing logger and exiting JavaFX
