22:58:38.426 [JavaFX Application Thread] DEBUG GameApplication      - Logger initialized
22:58:38.444 [JavaFX Application Thread] DEBUG MainWindow           - Creating a JavaFX scene
22:58:38.564 [JavaFX Application Thread] DEBUG MainWindow           - Target settings size: 1200.0 x 800.0
22:58:38.564 [JavaFX Application Thread] DEBUG MainWindow           - Scaled scene size:    1200.0 x 800.0
22:58:38.564 [JavaFX Application Thread] DEBUG MainWindow           - Scaled ratio: (1.0, 1.0)
22:58:39.010 [JavaFX Application Thread] DEBUG GameApplication      - Starting FXGL
22:58:39.063 [FXGL Launcher Thread     ] INFO  Version              - FXGL-0.4.2
22:58:39.063 [FXGL Launcher Thread     ] INFO  Version              - Source code and latest versions at: https://github.com/AlmasB/FXGL
22:58:39.064 [FXGL Launcher Thread     ] INFO  Version              -              Join the FXGL chat at: https://gitter.im/AlmasB/FXGL
22:58:39.064 [FXGL Launcher Thread     ] DEBUG FXGL                 - Loading FXGL system data
22:58:39.069 [FXGL Launcher Thread     ] DEBUG IOTask               - Executing task: readDataTask(system/fxgl.bundle)
22:58:39.096 [FXGL Launcher Thread     ] DEBUG FS                   - Reading from: system/fxgl.bundle
22:58:39.113 [FXGL Launcher Thread     ] DEBUG IOTask               - Task succeeded: readDataTask(system/fxgl.bundle)
22:58:39.113 [FXGL Launcher Thread     ] DEBUG Bundle               - Logging bundle: FXGL
22:58:39.114 [FXGL Launcher Thread     ] DEBUG Bundle               - FXGL.offline.timer.version.check=2018-02-12T21:06:07.797
22:58:39.199 [FXGL Launcher Thread     ] DEBUG GameApplication      - FXGL started
22:58:39.199 [FXGL Launcher Thread     ] DEBUG GameApplication      - Logging game settings
Title: Worlds Hardest Game!
Version: 0.1
Width: 1200
Height: 800
Fullscreen: false
Intro: false
Menus: false
Profiling: false
Single step:false
App Mode: DEVELOPER
Menu Key: ESCAPE
Stage Style: DECORATED
Scene Factory: class com.almasb.fxgl.scene.SceneFactory
Dialog Factory: class com.almasb.fxgl.ui.FXGLDialogFactory
UI Factory: class com.almasb.fxgl.ui.FXGLUIFactory
Notification Service: class com.almasb.fxgl.gameplay.notification.XboxNotificationView
Exception Handler: class com.almasb.fxgl.app.FXGLExceptionHandler
22:58:39.200 [FXGL Launcher Thread     ] DEBUG GameApplication      - Configuring GameApplication
22:58:39.200 [FXGL Launcher Thread     ] DEBUG GameApplication      - Initializing state machine and application states
22:58:39.213 [FXGL Launcher Thread     ] DEBUG AssetLoader          - Loading from disk: /assets/ui/cursors/fxgl_default.png
22:58:39.280 [FXGL Launcher Thread     ] DEBUG AssetLoader          - Loading from disk: /assets/ui/cursors/fxgl_default.png
22:58:39.292 [FXGL Launcher Thread     ] DEBUG AssetLoader          - Loading from disk: /assets/ui/cursors/fxgl_default.png
22:58:39.311 [FXGL Launcher Thread     ] DEBUG AssetLoader          - Loading from disk: /assets/sounds/core/notification.wav
22:58:39.377 [FXGL Launcher Thread     ] DEBUG AssetLoader          - Loading from disk: /assets/sounds/menu/select.wav
22:58:39.380 [FXGL Launcher Thread     ] DEBUG AssetLoader          - Loading from disk: /assets/sounds/menu/back.wav
22:58:39.382 [FXGL Launcher Thread     ] DEBUG AssetLoader          - Loading from disk: /assets/sounds/menu/press.wav
22:58:39.384 [FXGL Launcher Thread     ] DEBUG AssetLoader          - Loading from disk: /assets/ui/fonts/VarelaRound-Regular.ttf
22:58:39.424 [FXGL Launcher Thread     ] DEBUG AssetLoader          - Loading from disk: /assets/ui/fonts/lucida_console.ttf
22:58:39.429 [FXGL Launcher Thread     ] DEBUG AssetLoader          - Loading from disk: /assets/ui/css/fxgl_dark.css
22:58:39.429 [FXGL Launcher Thread     ] DEBUG AssetLoader          - Loading from disk: /assets/ui/icons/fxgl_icon.png
22:58:39.451 [FXGL Launcher Thread     ] DEBUG AssetLoader          - Loading from disk: /assets/ui/cursors/fxgl_default.png
22:58:39.472 [FXGL Launcher Thread     ] DEBUG FXGL.GameScene       - Game scene initialized: 1200x800
22:58:39.474 [FXGL Launcher Thread     ] DEBUG FXGL.GameWorld       - Game world initialized
22:58:39.531 [FXGL Launcher Thread     ] DEBUG FXGL.PhysicsWorld    - Physics world initialized: appHeight=800, physics.ppm=50,0
22:58:39.566 [FXGL Launcher Thread     ] DEBUG Input                - Registered new binding: Pause - Esc
22:58:39.581 [FXGL Launcher Thread     ] INFO  GameApplication      - Game configuration took:  0,381 sec
22:58:39.585 [JavaFX Application Thread] DEBUG MainWindow           - Opening main window
22:58:39.677 [JavaFX Application Thread] DEBUG MainWindow           - Window border size: (0.0, 22.0)
22:58:39.677 [JavaFX Application Thread] DEBUG MainWindow           - Scaled size: 1200.0 x 800.0
22:58:39.677 [JavaFX Application Thread] DEBUG MainWindow           - Scaled ratio: (1.0, 1.0)
22:58:39.677 [JavaFX Application Thread] DEBUG MainWindow           - Scene size: 1200.0 x 800.0
22:58:39.678 [JavaFX Application Thread] DEBUG MainWindow           - Stage size: 1200.0 x 822.0
22:58:39.678 [JavaFX Application Thread] DEBUG GameApplication      - Running preInit()
22:58:39.681 [JavaFX Application Thread] DEBUG AnnotationParser     - Main app package name: com.company
22:58:39.762 [JavaFX Application Thread] DEBUG AnnotationParser     - @SetAchievementStore: []
22:58:39.763 [JavaFX Application Thread] DEBUG Input                - Registered new binding: Screenshot - P
22:58:39.764 [JavaFX Application Thread] DEBUG Input                - Registered new binding: Dev Options - CTRL+0
22:58:39.764 [JavaFX Application Thread] DEBUG Input                - Registered new binding: Restart - CTRL+R
22:58:39.764 [JavaFX Application Thread] DEBUG Input                - Registered new binding: Move Left - A
22:58:39.765 [JavaFX Application Thread] DEBUG Input                - Registered new binding: Move Right - D
22:58:39.765 [JavaFX Application Thread] DEBUG Input                - Registered new binding: Move Up - W
22:58:39.765 [JavaFX Application Thread] DEBUG Input                - Registered new binding: Move Down - S
22:58:39.769 [JavaFX Application Thread] DEBUG AssetLoader          - Loading from disk: /assets/music/bgm.mp3
22:58:39.861 [JavaFX Application Thread] DEBUG AudioPlayer          - Playing music Music [balance=0.0, volume=1.0, rate=1.0, cycleCount=2147483647]
22:58:39.890 [JavaFX Application Thread] DEBUG GameApplication      - Starting main loop
22:58:39.919 [JavaFX Application Thread] DEBUG StartupState         - STARTUP
22:58:39.919 [JavaFX Application Thread] DEBUG GameApplication      - Starting new game
22:58:39.919 [JavaFX Application Thread] DEBUG Input                - Clearing active input actions
22:58:39.949 [JavaFX Application Thread] DEBUG AppStateMachine      - StartupState -> LoadingState
22:58:39.950 [JavaFX Application Thread] DEBUG AnnotationParser     - Main app package name: com.company
22:58:39.950 [JavaFX Application Thread] DEBUG InitAppTask          - Parsing annotations
22:58:39.964 [JavaFX Application Thread] DEBUG AnnotationParser     - @AddCollisionHandler: []
22:58:39.964 [JavaFX Application Thread] DEBUG AnnotationParser     - @SetEventHandler: []
22:58:39.964 [JavaFX Application Thread] DEBUG AnnotationParser     - @SetEntityFactory: []
22:58:39.970 [FXGL Background Thread 1 ] DEBUG InitAppTask          - Clearing previous game
22:58:39.970 [FXGL Background Thread 1 ] DEBUG FXGL.GameWorld       - Clearing game world
22:58:39.971 [FXGL Background Thread 1 ] DEBUG FXGL.PhysicsWorld    - Clearing physics world
22:58:39.971 [FXGL Background Thread 1 ] DEBUG FXGL.GameScene       - Clearing game scene
22:58:39.971 [FXGL Background Thread 1 ] DEBUG InitAppTask          - Initializing Assets
22:58:39.972 [FXGL Background Thread 1 ] DEBUG InitAppTask          - Initializing Game
22:58:40.019 [FXGL Background Thread 1 ] DEBUG FXGL.GameScene       - Creating render group for layer: TOP(2147483647)
22:58:40.064 [FXGL Background Thread 1 ] DEBUG InitAppTask          - Initializing Physics
22:58:40.065 [FXGL Background Thread 1 ] DEBUG InitAppTask          - Initializing UI
22:58:40.065 [FXGL Background Thread 1 ] DEBUG InitAppTask          - Initialization Complete
22:58:40.065 [FXGL Background Thread 1 ] INFO  InitAppTask          - Game initialization took: 0,095 sec
22:58:40.089 [JavaFX Application Thread] DEBUG Input                - Clearing active input actions
22:58:40.098 [JavaFX Application Thread] DEBUG AppStateMachine      - LoadingState -> PlayState
22:58:43.694 [JavaFX Application Thread] DEBUG GameApplication      - Exiting game application
22:58:43.696 [JavaFX Application Thread] DEBUG GameApplication      - Shutting down background threads
22:58:43.696 [JavaFX Application Thread] DEBUG GameApplication      - Exiting FXGL
22:58:43.696 [JavaFX Application Thread] DEBUG FXGL                 - Saving FXGL system data
22:58:43.697 [JavaFX Application Thread] DEBUG IOTask               - Executing task: writeDataTask(system/fxgl.bundle)
22:58:43.700 [JavaFX Application Thread] DEBUG FS                   - Writing to: system/fxgl.bundle
22:58:43.704 [JavaFX Application Thread] DEBUG IOTask               - Task succeeded: writeDataTask(system/fxgl.bundle)
22:58:43.704 [JavaFX Application Thread] DEBUG GameApplication      - Closing logger and exiting JavaFX
