21:53:19.916 [JavaFX Application Thread] DEBUG GameApplication      - Logger initialized
21:53:19.934 [JavaFX Application Thread] DEBUG MainWindow           - Creating a JavaFX scene
21:53:20.077 [JavaFX Application Thread] DEBUG MainWindow           - Target settings size: 1200.0 x 800.0
21:53:20.077 [JavaFX Application Thread] DEBUG MainWindow           - Scaled scene size:    1200.0 x 800.0
21:53:20.077 [JavaFX Application Thread] DEBUG MainWindow           - Scaled ratio: (1.0, 1.0)
21:53:20.512 [JavaFX Application Thread] DEBUG GameApplication      - Starting FXGL
21:53:20.579 [FXGL Launcher Thread     ] INFO  Version              - FXGL-0.4.2
21:53:20.579 [FXGL Launcher Thread     ] INFO  Version              - Source code and latest versions at: https://github.com/AlmasB/FXGL
21:53:20.579 [FXGL Launcher Thread     ] INFO  Version              -              Join the FXGL chat at: https://gitter.im/AlmasB/FXGL
21:53:20.580 [FXGL Launcher Thread     ] DEBUG FXGL                 - Loading FXGL system data
21:53:20.589 [FXGL Launcher Thread     ] DEBUG IOTask               - Executing task: readDataTask(system/fxgl.bundle)
21:53:20.623 [FXGL Launcher Thread     ] DEBUG FS                   - Reading from: system/fxgl.bundle
21:53:20.636 [FXGL Launcher Thread     ] DEBUG IOTask               - Task succeeded: readDataTask(system/fxgl.bundle)
21:53:20.637 [FXGL Launcher Thread     ] DEBUG Bundle               - Logging bundle: FXGL
21:53:20.637 [FXGL Launcher Thread     ] DEBUG Bundle               - FXGL.offline.timer.version.check=2018-02-05T15:01:58.001
21:53:20.720 [FXGL Launcher Thread     ] DEBUG GameApplication      - FXGL started
21:53:20.720 [FXGL Launcher Thread     ] DEBUG GameApplication      - Logging game settings
Title: Worlds Hardest Game!
Version: 0.1
Width: 1200
Height: 800
Fullscreen: false
Intro: false
Menus: false
Profiling: false
Single step:false
App Mode: DEVELOPER
Menu Key: ESCAPE
Stage Style: DECORATED
Scene Factory: class com.almasb.fxgl.scene.SceneFactory
Dialog Factory: class com.almasb.fxgl.ui.FXGLDialogFactory
UI Factory: class com.almasb.fxgl.ui.FXGLUIFactory
Notification Service: class com.almasb.fxgl.gameplay.notification.XboxNotificationView
Exception Handler: class com.almasb.fxgl.app.FXGLExceptionHandler
21:53:20.721 [FXGL Launcher Thread     ] DEBUG GameApplication      - Configuring GameApplication
21:53:20.721 [FXGL Launcher Thread     ] DEBUG GameApplication      - Initializing state machine and application states
21:53:20.755 [FXGL Launcher Thread     ] DEBUG AssetLoader          - Loading from disk: /assets/ui/cursors/fxgl_default.png
21:53:20.791 [FXGL Launcher Thread     ] DEBUG AssetLoader          - Loading from disk: /assets/ui/cursors/fxgl_default.png
21:53:20.802 [FXGL Launcher Thread     ] DEBUG AssetLoader          - Loading from disk: /assets/ui/cursors/fxgl_default.png
21:53:20.848 [FXGL Launcher Thread     ] DEBUG AssetLoader          - Loading from disk: /assets/sounds/core/notification.wav
21:53:20.917 [FXGL Launcher Thread     ] DEBUG AssetLoader          - Loading from disk: /assets/sounds/menu/select.wav
21:53:20.919 [FXGL Launcher Thread     ] DEBUG AssetLoader          - Loading from disk: /assets/sounds/menu/back.wav
21:53:20.922 [FXGL Launcher Thread     ] DEBUG AssetLoader          - Loading from disk: /assets/sounds/menu/press.wav
21:53:20.924 [FXGL Launcher Thread     ] DEBUG AssetLoader          - Loading from disk: /assets/ui/fonts/VarelaRound-Regular.ttf
21:53:20.941 [FXGL Launcher Thread     ] DEBUG AssetLoader          - Loading from disk: /assets/ui/fonts/lucida_console.ttf
21:53:20.947 [FXGL Launcher Thread     ] DEBUG AssetLoader          - Loading from disk: /assets/ui/css/fxgl_dark.css
21:53:20.947 [FXGL Launcher Thread     ] DEBUG AssetLoader          - Loading from disk: /assets/ui/icons/fxgl_icon.png
21:53:20.978 [FXGL Launcher Thread     ] DEBUG AssetLoader          - Loading from disk: /assets/ui/cursors/fxgl_default.png
21:53:21.006 [FXGL Launcher Thread     ] DEBUG FXGL.GameScene       - Game scene initialized: 1200x800
21:53:21.009 [FXGL Launcher Thread     ] DEBUG FXGL.GameWorld       - Game world initialized
21:53:21.087 [FXGL Launcher Thread     ] DEBUG FXGL.PhysicsWorld    - Physics world initialized: appHeight=800, physics.ppm=50,0
21:53:21.125 [FXGL Launcher Thread     ] DEBUG Input                - Registered new binding: Pause - Esc
21:53:21.140 [FXGL Launcher Thread     ] INFO  GameApplication      - Game configuration took:  0,419 sec
21:53:21.142 [JavaFX Application Thread] DEBUG MainWindow           - Opening main window
21:53:21.209 [JavaFX Application Thread] DEBUG MainWindow           - Window border size: (0.0, 22.0)
21:53:21.210 [JavaFX Application Thread] DEBUG MainWindow           - Scaled size: 1200.0 x 800.0
21:53:21.210 [JavaFX Application Thread] DEBUG MainWindow           - Scaled ratio: (1.0, 1.0)
21:53:21.210 [JavaFX Application Thread] DEBUG MainWindow           - Scene size: 1200.0 x 800.0
21:53:21.210 [JavaFX Application Thread] DEBUG MainWindow           - Stage size: 1200.0 x 822.0
21:53:21.210 [JavaFX Application Thread] DEBUG GameApplication      - Running preInit()
21:53:21.212 [JavaFX Application Thread] DEBUG AnnotationParser     - Main app package name: com.company
21:53:21.271 [JavaFX Application Thread] DEBUG AnnotationParser     - @SetAchievementStore: []
21:53:21.272 [JavaFX Application Thread] DEBUG Input                - Registered new binding: Screenshot - P
21:53:21.272 [JavaFX Application Thread] DEBUG Input                - Registered new binding: Dev Options - CTRL+0
21:53:21.273 [JavaFX Application Thread] DEBUG Input                - Registered new binding: Restart - CTRL+R
21:53:21.273 [JavaFX Application Thread] DEBUG Input                - Registered new binding: Move Left - A
21:53:21.273 [JavaFX Application Thread] DEBUG Input                - Registered new binding: Move Right - D
21:53:21.273 [JavaFX Application Thread] DEBUG Input                - Registered new binding: Move Up - W
21:53:21.273 [JavaFX Application Thread] DEBUG Input                - Registered new binding: Move Down - S
21:53:21.304 [JavaFX Application Thread] DEBUG GameApplication      - Starting main loop
21:53:21.330 [JavaFX Application Thread] DEBUG StartupState         - STARTUP
21:53:21.330 [JavaFX Application Thread] DEBUG GameApplication      - Starting new game
21:53:21.330 [JavaFX Application Thread] DEBUG Input                - Clearing active input actions
21:53:21.359 [JavaFX Application Thread] DEBUG AppStateMachine      - StartupState -> LoadingState
21:53:21.362 [JavaFX Application Thread] DEBUG AnnotationParser     - Main app package name: com.company
21:53:21.363 [JavaFX Application Thread] DEBUG InitAppTask          - Parsing annotations
21:53:21.389 [JavaFX Application Thread] DEBUG AnnotationParser     - @SetEntityFactory: []
21:53:21.389 [JavaFX Application Thread] DEBUG AnnotationParser     - @AddCollisionHandler: []
21:53:21.389 [JavaFX Application Thread] DEBUG AnnotationParser     - @SetEventHandler: []
21:53:21.398 [FXGL Background Thread 1 ] DEBUG InitAppTask          - Clearing previous game
21:53:21.398 [FXGL Background Thread 1 ] DEBUG FXGL.GameWorld       - Clearing game world
21:53:21.398 [FXGL Background Thread 1 ] DEBUG FXGL.PhysicsWorld    - Clearing physics world
21:53:21.398 [FXGL Background Thread 1 ] DEBUG FXGL.GameScene       - Clearing game scene
21:53:21.399 [FXGL Background Thread 1 ] DEBUG InitAppTask          - Initializing Assets
21:53:21.400 [FXGL Background Thread 1 ] DEBUG InitAppTask          - Initializing Game
21:53:21.440 [FXGL Background Thread 1 ] DEBUG FXGL.GameScene       - Creating render group for layer: TOP(2147483647)
21:53:21.452 [FXGL Background Thread 1 ] DEBUG InitAppTask          - Initializing Physics
21:53:21.452 [FXGL Background Thread 1 ] DEBUG InitAppTask          - Initializing UI
21:53:21.452 [FXGL Background Thread 1 ] DEBUG InitAppTask          - Initialization Complete
21:53:21.453 [FXGL Background Thread 1 ] INFO  InitAppTask          - Game initialization took: 0,055 sec
21:53:21.485 [JavaFX Application Thread] DEBUG Input                - Clearing active input actions
21:53:21.493 [JavaFX Application Thread] DEBUG AppStateMachine      - LoadingState -> PlayState
21:53:48.356 [JavaFX Application Thread] DEBUG GameApplication      - Exiting game application
21:53:48.358 [JavaFX Application Thread] DEBUG GameApplication      - Shutting down background threads
21:53:48.358 [JavaFX Application Thread] DEBUG GameApplication      - Exiting FXGL
21:53:48.358 [JavaFX Application Thread] DEBUG FXGL                 - Saving FXGL system data
21:53:48.359 [JavaFX Application Thread] DEBUG IOTask               - Executing task: writeDataTask(system/fxgl.bundle)
21:53:48.362 [JavaFX Application Thread] DEBUG FS                   - Writing to: system/fxgl.bundle
21:53:48.366 [JavaFX Application Thread] DEBUG IOTask               - Task succeeded: writeDataTask(system/fxgl.bundle)
21:53:48.366 [JavaFX Application Thread] DEBUG GameApplication      - Closing logger and exiting JavaFX
