21:53:08.653 [JavaFX Application Thread] DEBUG GameApplication      - Logger initialized
21:53:08.682 [JavaFX Application Thread] DEBUG MainWindow           - Creating a JavaFX scene
21:53:08.856 [JavaFX Application Thread] DEBUG MainWindow           - Target settings size: 1200.0 x 800.0
21:53:08.856 [JavaFX Application Thread] DEBUG MainWindow           - Scaled scene size:    1200.0 x 800.0
21:53:08.856 [JavaFX Application Thread] DEBUG MainWindow           - Scaled ratio: (1.0, 1.0)
21:53:09.215 [JavaFX Application Thread] DEBUG GameApplication      - Starting FXGL
21:53:09.262 [FXGL Launcher Thread     ] INFO  Version              - FXGL-0.4.2
21:53:09.263 [FXGL Launcher Thread     ] INFO  Version              - Source code and latest versions at: https://github.com/AlmasB/FXGL
21:53:09.263 [FXGL Launcher Thread     ] INFO  Version              -              Join the FXGL chat at: https://gitter.im/AlmasB/FXGL
21:53:09.265 [FXGL Launcher Thread     ] DEBUG FXGL                 - Loading FXGL system data
21:53:09.275 [FXGL Launcher Thread     ] DEBUG IOTask               - Executing task: readDataTask(system/fxgl.bundle)
21:53:09.294 [FXGL Launcher Thread     ] DEBUG FS                   - Reading from: system/fxgl.bundle
21:53:09.317 [FXGL Launcher Thread     ] DEBUG IOTask               - Task succeeded: readDataTask(system/fxgl.bundle)
21:53:09.317 [FXGL Launcher Thread     ] DEBUG Bundle               - Logging bundle: FXGL
21:53:09.318 [FXGL Launcher Thread     ] DEBUG Bundle               - FXGL.offline.timer.version.check=2018-02-05T15:01:58.001
21:53:09.394 [FXGL Launcher Thread     ] DEBUG GameApplication      - FXGL started
21:53:09.394 [FXGL Launcher Thread     ] DEBUG GameApplication      - Logging game settings
Title: Worlds Hardest Game!
Version: 0.1
Width: 1200
Height: 800
Fullscreen: false
Intro: false
Menus: false
Profiling: false
Single step:false
App Mode: DEVELOPER
Menu Key: ESCAPE
Stage Style: DECORATED
Scene Factory: class com.almasb.fxgl.scene.SceneFactory
Dialog Factory: class com.almasb.fxgl.ui.FXGLDialogFactory
UI Factory: class com.almasb.fxgl.ui.FXGLUIFactory
Notification Service: class com.almasb.fxgl.gameplay.notification.XboxNotificationView
Exception Handler: class com.almasb.fxgl.app.FXGLExceptionHandler
21:53:09.395 [FXGL Launcher Thread     ] DEBUG GameApplication      - Configuring GameApplication
21:53:09.396 [FXGL Launcher Thread     ] DEBUG GameApplication      - Initializing state machine and application states
21:53:09.406 [FXGL Launcher Thread     ] DEBUG AssetLoader          - Loading from disk: /assets/ui/cursors/fxgl_default.png
21:53:09.432 [FXGL Launcher Thread     ] DEBUG AssetLoader          - Loading from disk: /assets/ui/cursors/fxgl_default.png
21:53:09.435 [FXGL Launcher Thread     ] DEBUG AssetLoader          - Loading from disk: /assets/ui/cursors/fxgl_default.png
21:53:09.446 [FXGL Launcher Thread     ] DEBUG AssetLoader          - Loading from disk: /assets/sounds/core/notification.wav
21:53:09.503 [FXGL Launcher Thread     ] DEBUG AssetLoader          - Loading from disk: /assets/sounds/menu/select.wav
21:53:09.504 [FXGL Launcher Thread     ] DEBUG AssetLoader          - Loading from disk: /assets/sounds/menu/back.wav
21:53:09.506 [FXGL Launcher Thread     ] DEBUG AssetLoader          - Loading from disk: /assets/sounds/menu/press.wav
21:53:09.509 [FXGL Launcher Thread     ] DEBUG AssetLoader          - Loading from disk: /assets/ui/fonts/VarelaRound-Regular.ttf
21:53:09.534 [FXGL Launcher Thread     ] DEBUG AssetLoader          - Loading from disk: /assets/ui/fonts/lucida_console.ttf
21:53:09.539 [FXGL Launcher Thread     ] DEBUG AssetLoader          - Loading from disk: /assets/ui/css/fxgl_dark.css
21:53:09.539 [FXGL Launcher Thread     ] DEBUG AssetLoader          - Loading from disk: /assets/ui/icons/fxgl_icon.png
21:53:09.560 [FXGL Launcher Thread     ] DEBUG AssetLoader          - Loading from disk: /assets/ui/cursors/fxgl_default.png
21:53:09.579 [FXGL Launcher Thread     ] DEBUG FXGL.GameScene       - Game scene initialized: 1200x800
21:53:09.582 [FXGL Launcher Thread     ] DEBUG FXGL.GameWorld       - Game world initialized
21:53:09.634 [FXGL Launcher Thread     ] DEBUG FXGL.PhysicsWorld    - Physics world initialized: appHeight=800, physics.ppm=50,0
21:53:09.651 [FXGL Launcher Thread     ] DEBUG Input                - Registered new binding: Pause - Esc
21:53:09.661 [FXGL Launcher Thread     ] INFO  GameApplication      - Game configuration took:  0,265 sec
21:53:09.663 [JavaFX Application Thread] DEBUG MainWindow           - Opening main window
21:53:09.736 [JavaFX Application Thread] DEBUG MainWindow           - Window border size: (0.0, 22.0)
21:53:09.736 [JavaFX Application Thread] DEBUG MainWindow           - Scaled size: 1200.0 x 800.0
21:53:09.736 [JavaFX Application Thread] DEBUG MainWindow           - Scaled ratio: (1.0, 1.0)
21:53:09.736 [JavaFX Application Thread] DEBUG MainWindow           - Scene size: 1200.0 x 800.0
21:53:09.737 [JavaFX Application Thread] DEBUG MainWindow           - Stage size: 1200.0 x 822.0
21:53:09.737 [JavaFX Application Thread] DEBUG GameApplication      - Running preInit()
21:53:09.738 [JavaFX Application Thread] DEBUG AnnotationParser     - Main app package name: com.company
21:53:09.812 [JavaFX Application Thread] DEBUG AnnotationParser     - @SetAchievementStore: []
21:53:09.813 [JavaFX Application Thread] DEBUG Input                - Registered new binding: Screenshot - P
21:53:09.813 [JavaFX Application Thread] DEBUG Input                - Registered new binding: Dev Options - CTRL+0
21:53:09.813 [JavaFX Application Thread] DEBUG Input                - Registered new binding: Restart - CTRL+R
21:53:09.814 [JavaFX Application Thread] DEBUG Input                - Registered new binding: Move Left - A
21:53:09.814 [JavaFX Application Thread] DEBUG Input                - Registered new binding: Move Right - D
21:53:09.814 [JavaFX Application Thread] DEBUG Input                - Registered new binding: Move Up - W
21:53:09.814 [JavaFX Application Thread] DEBUG Input                - Registered new binding: Move Down - S
21:53:09.845 [JavaFX Application Thread] DEBUG GameApplication      - Starting main loop
21:53:09.872 [JavaFX Application Thread] DEBUG StartupState         - STARTUP
21:53:09.872 [JavaFX Application Thread] DEBUG GameApplication      - Starting new game
21:53:09.872 [JavaFX Application Thread] DEBUG Input                - Clearing active input actions
21:53:09.905 [JavaFX Application Thread] DEBUG AppStateMachine      - StartupState -> LoadingState
21:53:09.906 [JavaFX Application Thread] DEBUG AnnotationParser     - Main app package name: com.company
21:53:09.906 [JavaFX Application Thread] DEBUG InitAppTask          - Parsing annotations
21:53:09.918 [JavaFX Application Thread] DEBUG AnnotationParser     - @AddCollisionHandler: []
21:53:09.918 [JavaFX Application Thread] DEBUG AnnotationParser     - @SetEventHandler: []
21:53:09.918 [JavaFX Application Thread] DEBUG AnnotationParser     - @SetEntityFactory: []
21:53:09.923 [FXGL Background Thread 1 ] DEBUG InitAppTask          - Clearing previous game
21:53:09.924 [FXGL Background Thread 1 ] DEBUG FXGL.GameWorld       - Clearing game world
21:53:09.924 [FXGL Background Thread 1 ] DEBUG FXGL.PhysicsWorld    - Clearing physics world
21:53:09.924 [FXGL Background Thread 1 ] DEBUG FXGL.GameScene       - Clearing game scene
21:53:09.925 [FXGL Background Thread 1 ] DEBUG InitAppTask          - Initializing Assets
21:53:09.926 [FXGL Background Thread 1 ] DEBUG InitAppTask          - Initializing Game
21:53:09.965 [FXGL Background Thread 1 ] DEBUG FXGL.GameScene       - Creating render group for layer: TOP(2147483647)
21:53:09.975 [FXGL Background Thread 1 ] DEBUG InitAppTask          - Initializing Physics
21:53:09.976 [FXGL Background Thread 1 ] DEBUG InitAppTask          - Initializing UI
21:53:09.976 [FXGL Background Thread 1 ] DEBUG InitAppTask          - Initialization Complete
21:53:09.976 [FXGL Background Thread 1 ] INFO  InitAppTask          - Game initialization took: 0,053 sec
21:53:09.999 [JavaFX Application Thread] DEBUG Input                - Clearing active input actions
21:53:10.006 [JavaFX Application Thread] DEBUG AppStateMachine      - LoadingState -> PlayState
21:53:14.249 [JavaFX Application Thread] DEBUG GameApplication      - Exiting game application
21:53:14.251 [JavaFX Application Thread] DEBUG GameApplication      - Shutting down background threads
21:53:14.251 [JavaFX Application Thread] DEBUG GameApplication      - Exiting FXGL
21:53:14.251 [JavaFX Application Thread] DEBUG FXGL                 - Saving FXGL system data
21:53:14.252 [JavaFX Application Thread] DEBUG IOTask               - Executing task: writeDataTask(system/fxgl.bundle)
21:53:14.256 [JavaFX Application Thread] DEBUG FS                   - Writing to: system/fxgl.bundle
21:53:14.259 [JavaFX Application Thread] DEBUG IOTask               - Task succeeded: writeDataTask(system/fxgl.bundle)
21:53:14.259 [JavaFX Application Thread] DEBUG GameApplication      - Closing logger and exiting JavaFX
