21:50:35.199 [JavaFX Application Thread] DEBUG GameApplication      - Logger initialized
21:50:35.217 [JavaFX Application Thread] DEBUG MainWindow           - Creating a JavaFX scene
21:50:35.365 [JavaFX Application Thread] DEBUG MainWindow           - Target settings size: 1200.0 x 800.0
21:50:35.365 [JavaFX Application Thread] DEBUG MainWindow           - Scaled scene size:    1200.0 x 800.0
21:50:35.366 [JavaFX Application Thread] DEBUG MainWindow           - Scaled ratio: (1.0, 1.0)
21:50:35.793 [JavaFX Application Thread] DEBUG GameApplication      - Starting FXGL
21:50:35.865 [FXGL Launcher Thread     ] INFO  Version              - FXGL-0.4.2
21:50:35.866 [FXGL Launcher Thread     ] INFO  Version              - Source code and latest versions at: https://github.com/AlmasB/FXGL
21:50:35.867 [FXGL Launcher Thread     ] INFO  Version              -              Join the FXGL chat at: https://gitter.im/AlmasB/FXGL
21:50:35.870 [FXGL Launcher Thread     ] DEBUG FXGL                 - Loading FXGL system data
21:50:35.878 [FXGL Launcher Thread     ] DEBUG IOTask               - Executing task: readDataTask(system/fxgl.bundle)
21:50:35.903 [FXGL Launcher Thread     ] DEBUG FS                   - Reading from: system/fxgl.bundle
21:50:35.917 [FXGL Launcher Thread     ] DEBUG IOTask               - Task succeeded: readDataTask(system/fxgl.bundle)
21:50:35.917 [FXGL Launcher Thread     ] DEBUG Bundle               - Logging bundle: FXGL
21:50:35.918 [FXGL Launcher Thread     ] DEBUG Bundle               - FXGL.offline.timer.version.check=2018-02-05T15:01:58.001
21:50:35.957 [FXGL Launcher Thread     ] DEBUG GameApplication      - FXGL started
21:50:35.957 [FXGL Launcher Thread     ] DEBUG GameApplication      - Logging game settings
Title: Worlds Hardest Game!
Version: 0.1
Width: 1200
Height: 800
Fullscreen: false
Intro: false
Menus: false
Profiling: false
Single step:false
App Mode: DEVELOPER
Menu Key: ESCAPE
Stage Style: DECORATED
Scene Factory: class com.almasb.fxgl.scene.SceneFactory
Dialog Factory: class com.almasb.fxgl.ui.FXGLDialogFactory
UI Factory: class com.almasb.fxgl.ui.FXGLUIFactory
Notification Service: class com.almasb.fxgl.gameplay.notification.XboxNotificationView
Exception Handler: class com.almasb.fxgl.app.FXGLExceptionHandler
21:50:35.958 [FXGL Launcher Thread     ] DEBUG GameApplication      - Configuring GameApplication
21:50:35.959 [FXGL Launcher Thread     ] DEBUG GameApplication      - Initializing state machine and application states
21:50:35.971 [FXGL Launcher Thread     ] DEBUG AssetLoader          - Loading from disk: /assets/ui/cursors/fxgl_default.png
21:50:35.997 [FXGL Launcher Thread     ] DEBUG AssetLoader          - Loading from disk: /assets/ui/cursors/fxgl_default.png
21:50:36.000 [FXGL Launcher Thread     ] DEBUG AssetLoader          - Loading from disk: /assets/ui/cursors/fxgl_default.png
21:50:36.029 [FXGL Launcher Thread     ] DEBUG AssetLoader          - Loading from disk: /assets/sounds/core/notification.wav
21:50:36.110 [FXGL Launcher Thread     ] DEBUG AssetLoader          - Loading from disk: /assets/sounds/menu/select.wav
21:50:36.117 [FXGL Launcher Thread     ] DEBUG AssetLoader          - Loading from disk: /assets/sounds/menu/back.wav
21:50:36.119 [FXGL Launcher Thread     ] DEBUG AssetLoader          - Loading from disk: /assets/sounds/menu/press.wav
21:50:36.122 [FXGL Launcher Thread     ] DEBUG AssetLoader          - Loading from disk: /assets/ui/fonts/VarelaRound-Regular.ttf
21:50:36.144 [FXGL Launcher Thread     ] DEBUG AssetLoader          - Loading from disk: /assets/ui/fonts/lucida_console.ttf
21:50:36.150 [FXGL Launcher Thread     ] DEBUG AssetLoader          - Loading from disk: /assets/ui/css/fxgl_dark.css
21:50:36.150 [FXGL Launcher Thread     ] DEBUG AssetLoader          - Loading from disk: /assets/ui/icons/fxgl_icon.png
21:50:36.172 [FXGL Launcher Thread     ] DEBUG AssetLoader          - Loading from disk: /assets/ui/cursors/fxgl_default.png
21:50:36.195 [FXGL Launcher Thread     ] DEBUG FXGL.GameScene       - Game scene initialized: 1200x800
21:50:36.199 [FXGL Launcher Thread     ] DEBUG FXGL.GameWorld       - Game world initialized
21:50:36.260 [FXGL Launcher Thread     ] DEBUG FXGL.PhysicsWorld    - Physics world initialized: appHeight=800, physics.ppm=50,0
21:50:36.284 [FXGL Launcher Thread     ] DEBUG Input                - Registered new binding: Pause - Esc
21:50:36.301 [FXGL Launcher Thread     ] INFO  GameApplication      - Game configuration took:  0,342 sec
21:50:36.303 [JavaFX Application Thread] DEBUG MainWindow           - Opening main window
21:50:36.361 [JavaFX Application Thread] DEBUG MainWindow           - Window border size: (0.0, 22.0)
21:50:36.361 [JavaFX Application Thread] DEBUG MainWindow           - Scaled size: 1200.0 x 800.0
21:50:36.361 [JavaFX Application Thread] DEBUG MainWindow           - Scaled ratio: (1.0, 1.0)
21:50:36.362 [JavaFX Application Thread] DEBUG MainWindow           - Scene size: 1200.0 x 800.0
21:50:36.362 [JavaFX Application Thread] DEBUG MainWindow           - Stage size: 1200.0 x 822.0
21:50:36.362 [JavaFX Application Thread] DEBUG GameApplication      - Running preInit()
21:50:36.363 [JavaFX Application Thread] DEBUG AnnotationParser     - Main app package name: com.company
21:50:36.438 [JavaFX Application Thread] DEBUG AnnotationParser     - @SetAchievementStore: []
21:50:36.439 [JavaFX Application Thread] DEBUG Input                - Registered new binding: Screenshot - P
21:50:36.439 [JavaFX Application Thread] DEBUG Input                - Registered new binding: Dev Options - CTRL+0
21:50:36.440 [JavaFX Application Thread] DEBUG Input                - Registered new binding: Restart - CTRL+R
21:50:36.440 [JavaFX Application Thread] DEBUG Input                - Registered new binding: Move Left - A
21:50:36.440 [JavaFX Application Thread] DEBUG Input                - Registered new binding: Move Right - D
21:50:36.440 [JavaFX Application Thread] DEBUG Input                - Registered new binding: Move Up - W
21:50:36.441 [JavaFX Application Thread] DEBUG Input                - Registered new binding: Move Down - S
21:50:36.473 [JavaFX Application Thread] DEBUG GameApplication      - Starting main loop
21:50:36.500 [JavaFX Application Thread] DEBUG StartupState         - STARTUP
21:50:36.500 [JavaFX Application Thread] DEBUG GameApplication      - Starting new game
21:50:36.500 [JavaFX Application Thread] DEBUG Input                - Clearing active input actions
21:50:36.541 [JavaFX Application Thread] DEBUG AppStateMachine      - StartupState -> LoadingState
21:50:36.542 [JavaFX Application Thread] DEBUG AnnotationParser     - Main app package name: com.company
21:50:36.542 [JavaFX Application Thread] DEBUG InitAppTask          - Parsing annotations
21:50:36.558 [JavaFX Application Thread] DEBUG AnnotationParser     - @SetEntityFactory: []
21:50:36.558 [JavaFX Application Thread] DEBUG AnnotationParser     - @SetEventHandler: []
21:50:36.559 [JavaFX Application Thread] DEBUG AnnotationParser     - @AddCollisionHandler: []
21:50:36.564 [FXGL Background Thread 1 ] DEBUG InitAppTask          - Clearing previous game
21:50:36.565 [FXGL Background Thread 1 ] DEBUG FXGL.GameWorld       - Clearing game world
21:50:36.565 [FXGL Background Thread 1 ] DEBUG FXGL.PhysicsWorld    - Clearing physics world
21:50:36.565 [FXGL Background Thread 1 ] DEBUG FXGL.GameScene       - Clearing game scene
21:50:36.566 [FXGL Background Thread 1 ] DEBUG InitAppTask          - Initializing Assets
21:50:36.566 [FXGL Background Thread 1 ] DEBUG InitAppTask          - Initializing Game
21:50:36.606 [FXGL Background Thread 1 ] DEBUG FXGL.GameScene       - Creating render group for layer: TOP(2147483647)
21:50:36.615 [FXGL Background Thread 1 ] DEBUG InitAppTask          - Initializing Physics
21:50:36.616 [FXGL Background Thread 1 ] DEBUG InitAppTask          - Initializing UI
21:50:36.616 [FXGL Background Thread 1 ] DEBUG InitAppTask          - Initialization Complete
21:50:36.616 [FXGL Background Thread 1 ] INFO  InitAppTask          - Game initialization took: 0,052 sec
21:50:36.647 [JavaFX Application Thread] DEBUG Input                - Clearing active input actions
21:50:36.654 [JavaFX Application Thread] DEBUG AppStateMachine      - LoadingState -> PlayState
21:50:39.090 [JavaFX Application Thread] DEBUG GameApplication      - Exiting game application
21:50:39.091 [JavaFX Application Thread] DEBUG GameApplication      - Shutting down background threads
21:50:39.091 [JavaFX Application Thread] DEBUG GameApplication      - Exiting FXGL
21:50:39.091 [JavaFX Application Thread] DEBUG FXGL                 - Saving FXGL system data
21:50:39.092 [JavaFX Application Thread] DEBUG IOTask               - Executing task: writeDataTask(system/fxgl.bundle)
21:50:39.096 [JavaFX Application Thread] DEBUG FS                   - Writing to: system/fxgl.bundle
21:50:39.100 [JavaFX Application Thread] DEBUG IOTask               - Task succeeded: writeDataTask(system/fxgl.bundle)
21:50:39.100 [JavaFX Application Thread] DEBUG GameApplication      - Closing logger and exiting JavaFX
