21:50:21.690 [JavaFX Application Thread] DEBUG GameApplication      - Logger initialized
21:50:21.707 [JavaFX Application Thread] DEBUG MainWindow           - Creating a JavaFX scene
21:50:21.844 [JavaFX Application Thread] DEBUG MainWindow           - Target settings size: 1200.0 x 800.0
21:50:21.844 [JavaFX Application Thread] DEBUG MainWindow           - Scaled scene size:    1200.0 x 800.0
21:50:21.844 [JavaFX Application Thread] DEBUG MainWindow           - Scaled ratio: (1.0, 1.0)
21:50:22.281 [JavaFX Application Thread] DEBUG GameApplication      - Starting FXGL
21:50:22.339 [FXGL Launcher Thread     ] INFO  Version              - FXGL-0.4.2
21:50:22.340 [FXGL Launcher Thread     ] INFO  Version              - Source code and latest versions at: https://github.com/AlmasB/FXGL
21:50:22.340 [FXGL Launcher Thread     ] INFO  Version              -              Join the FXGL chat at: https://gitter.im/AlmasB/FXGL
21:50:22.341 [FXGL Launcher Thread     ] DEBUG FXGL                 - Loading FXGL system data
21:50:22.346 [FXGL Launcher Thread     ] DEBUG IOTask               - Executing task: readDataTask(system/fxgl.bundle)
21:50:22.373 [FXGL Launcher Thread     ] DEBUG FS                   - Reading from: system/fxgl.bundle
21:50:22.385 [FXGL Launcher Thread     ] DEBUG IOTask               - Task succeeded: readDataTask(system/fxgl.bundle)
21:50:22.385 [FXGL Launcher Thread     ] DEBUG Bundle               - Logging bundle: FXGL
21:50:22.386 [FXGL Launcher Thread     ] DEBUG Bundle               - FXGL.offline.timer.version.check=2018-02-05T15:01:58.001
21:50:22.438 [FXGL Launcher Thread     ] DEBUG GameApplication      - FXGL started
21:50:22.439 [FXGL Launcher Thread     ] DEBUG GameApplication      - Logging game settings
Title: Worlds Hardest Game!
Version: 0.1
Width: 1200
Height: 800
Fullscreen: false
Intro: false
Menus: false
Profiling: false
Single step:false
App Mode: DEVELOPER
Menu Key: ESCAPE
Stage Style: DECORATED
Scene Factory: class com.almasb.fxgl.scene.SceneFactory
Dialog Factory: class com.almasb.fxgl.ui.FXGLDialogFactory
UI Factory: class com.almasb.fxgl.ui.FXGLUIFactory
Notification Service: class com.almasb.fxgl.gameplay.notification.XboxNotificationView
Exception Handler: class com.almasb.fxgl.app.FXGLExceptionHandler
21:50:22.440 [FXGL Launcher Thread     ] DEBUG GameApplication      - Configuring GameApplication
21:50:22.440 [FXGL Launcher Thread     ] DEBUG GameApplication      - Initializing state machine and application states
21:50:22.454 [FXGL Launcher Thread     ] DEBUG AssetLoader          - Loading from disk: /assets/ui/cursors/fxgl_default.png
21:50:22.521 [FXGL Launcher Thread     ] DEBUG AssetLoader          - Loading from disk: /assets/ui/cursors/fxgl_default.png
21:50:22.536 [FXGL Launcher Thread     ] DEBUG AssetLoader          - Loading from disk: /assets/ui/cursors/fxgl_default.png
21:50:22.564 [FXGL Launcher Thread     ] DEBUG AssetLoader          - Loading from disk: /assets/sounds/core/notification.wav
21:50:22.617 [FXGL Launcher Thread     ] DEBUG AssetLoader          - Loading from disk: /assets/sounds/menu/select.wav
21:50:22.619 [FXGL Launcher Thread     ] DEBUG AssetLoader          - Loading from disk: /assets/sounds/menu/back.wav
21:50:22.621 [FXGL Launcher Thread     ] DEBUG AssetLoader          - Loading from disk: /assets/sounds/menu/press.wav
21:50:22.626 [FXGL Launcher Thread     ] DEBUG AssetLoader          - Loading from disk: /assets/ui/fonts/VarelaRound-Regular.ttf
21:50:22.647 [FXGL Launcher Thread     ] DEBUG AssetLoader          - Loading from disk: /assets/ui/fonts/lucida_console.ttf
21:50:22.651 [FXGL Launcher Thread     ] DEBUG AssetLoader          - Loading from disk: /assets/ui/css/fxgl_dark.css
21:50:22.652 [FXGL Launcher Thread     ] DEBUG AssetLoader          - Loading from disk: /assets/ui/icons/fxgl_icon.png
21:50:22.673 [FXGL Launcher Thread     ] DEBUG AssetLoader          - Loading from disk: /assets/ui/cursors/fxgl_default.png
21:50:22.692 [FXGL Launcher Thread     ] DEBUG FXGL.GameScene       - Game scene initialized: 1200x800
21:50:22.697 [FXGL Launcher Thread     ] DEBUG FXGL.GameWorld       - Game world initialized
21:50:22.743 [FXGL Launcher Thread     ] DEBUG FXGL.PhysicsWorld    - Physics world initialized: appHeight=800, physics.ppm=50,0
21:50:22.759 [FXGL Launcher Thread     ] DEBUG Input                - Registered new binding: Pause - Esc
21:50:22.769 [FXGL Launcher Thread     ] INFO  GameApplication      - Game configuration took:  0,329 sec
21:50:22.770 [JavaFX Application Thread] DEBUG MainWindow           - Opening main window
21:50:22.828 [JavaFX Application Thread] DEBUG MainWindow           - Window border size: (0.0, 22.0)
21:50:22.828 [JavaFX Application Thread] DEBUG MainWindow           - Scaled size: 1200.0 x 800.0
21:50:22.828 [JavaFX Application Thread] DEBUG MainWindow           - Scaled ratio: (1.0, 1.0)
21:50:22.828 [JavaFX Application Thread] DEBUG MainWindow           - Scene size: 1200.0 x 800.0
21:50:22.828 [JavaFX Application Thread] DEBUG MainWindow           - Stage size: 1200.0 x 822.0
21:50:22.828 [JavaFX Application Thread] DEBUG GameApplication      - Running preInit()
21:50:22.830 [JavaFX Application Thread] DEBUG AnnotationParser     - Main app package name: com.company
21:50:22.917 [JavaFX Application Thread] DEBUG AnnotationParser     - @SetAchievementStore: []
21:50:22.918 [JavaFX Application Thread] DEBUG Input                - Registered new binding: Screenshot - P
21:50:22.919 [JavaFX Application Thread] DEBUG Input                - Registered new binding: Dev Options - CTRL+0
21:50:22.919 [JavaFX Application Thread] DEBUG Input                - Registered new binding: Restart - CTRL+R
21:50:22.919 [JavaFX Application Thread] DEBUG Input                - Registered new binding: Move Left - A
21:50:22.920 [JavaFX Application Thread] DEBUG Input                - Registered new binding: Move Right - D
21:50:22.920 [JavaFX Application Thread] DEBUG Input                - Registered new binding: Move Up - W
21:50:22.920 [JavaFX Application Thread] DEBUG Input                - Registered new binding: Move Down - S
21:50:22.952 [JavaFX Application Thread] DEBUG GameApplication      - Starting main loop
21:50:22.981 [JavaFX Application Thread] DEBUG StartupState         - STARTUP
21:50:22.982 [JavaFX Application Thread] DEBUG GameApplication      - Starting new game
21:50:22.982 [JavaFX Application Thread] DEBUG Input                - Clearing active input actions
21:50:23.016 [JavaFX Application Thread] DEBUG AppStateMachine      - StartupState -> LoadingState
21:50:23.017 [JavaFX Application Thread] DEBUG AnnotationParser     - Main app package name: com.company
21:50:23.017 [JavaFX Application Thread] DEBUG InitAppTask          - Parsing annotations
21:50:23.031 [JavaFX Application Thread] DEBUG AnnotationParser     - @AddCollisionHandler: []
21:50:23.031 [JavaFX Application Thread] DEBUG AnnotationParser     - @SetEventHandler: []
21:50:23.032 [JavaFX Application Thread] DEBUG AnnotationParser     - @SetEntityFactory: []
21:50:23.037 [FXGL Background Thread 1 ] DEBUG InitAppTask          - Clearing previous game
21:50:23.037 [FXGL Background Thread 1 ] DEBUG FXGL.GameWorld       - Clearing game world
21:50:23.038 [FXGL Background Thread 1 ] DEBUG FXGL.PhysicsWorld    - Clearing physics world
21:50:23.038 [FXGL Background Thread 1 ] DEBUG FXGL.GameScene       - Clearing game scene
21:50:23.038 [FXGL Background Thread 1 ] DEBUG InitAppTask          - Initializing Assets
21:50:23.039 [FXGL Background Thread 1 ] DEBUG InitAppTask          - Initializing Game
21:50:23.079 [FXGL Background Thread 1 ] DEBUG FXGL.GameScene       - Creating render group for layer: TOP(2147483647)
21:50:23.089 [FXGL Background Thread 1 ] DEBUG InitAppTask          - Initializing Physics
21:50:23.089 [FXGL Background Thread 1 ] DEBUG InitAppTask          - Initializing UI
21:50:23.090 [FXGL Background Thread 1 ] DEBUG InitAppTask          - Initialization Complete
21:50:23.090 [FXGL Background Thread 1 ] INFO  InitAppTask          - Game initialization took: 0,052 sec
21:50:23.122 [JavaFX Application Thread] DEBUG Input                - Clearing active input actions
21:50:23.129 [JavaFX Application Thread] DEBUG AppStateMachine      - LoadingState -> PlayState
21:50:28.134 [JavaFX Application Thread] DEBUG GameApplication      - Exiting game application
21:50:28.135 [JavaFX Application Thread] DEBUG GameApplication      - Shutting down background threads
21:50:28.135 [JavaFX Application Thread] DEBUG GameApplication      - Exiting FXGL
21:50:28.135 [JavaFX Application Thread] DEBUG FXGL                 - Saving FXGL system data
21:50:28.137 [JavaFX Application Thread] DEBUG IOTask               - Executing task: writeDataTask(system/fxgl.bundle)
21:50:28.141 [JavaFX Application Thread] DEBUG FS                   - Writing to: system/fxgl.bundle
21:50:28.143 [JavaFX Application Thread] DEBUG IOTask               - Task succeeded: writeDataTask(system/fxgl.bundle)
21:50:28.144 [JavaFX Application Thread] DEBUG GameApplication      - Closing logger and exiting JavaFX
