21:52:44.768 [JavaFX Application Thread] DEBUG GameApplication      - Logger initialized
21:52:44.784 [JavaFX Application Thread] DEBUG MainWindow           - Creating a JavaFX scene
21:52:44.940 [JavaFX Application Thread] DEBUG MainWindow           - Target settings size: 1200.0 x 800.0
21:52:44.941 [JavaFX Application Thread] DEBUG MainWindow           - Scaled scene size:    1200.0 x 800.0
21:52:44.941 [JavaFX Application Thread] DEBUG MainWindow           - Scaled ratio: (1.0, 1.0)
21:52:45.331 [JavaFX Application Thread] DEBUG GameApplication      - Starting FXGL
21:52:45.367 [FXGL Launcher Thread     ] INFO  Version              - FXGL-0.4.2
21:52:45.368 [FXGL Launcher Thread     ] INFO  Version              - Source code and latest versions at: https://github.com/AlmasB/FXGL
21:52:45.368 [FXGL Launcher Thread     ] INFO  Version              -              Join the FXGL chat at: https://gitter.im/AlmasB/FXGL
21:52:45.369 [FXGL Launcher Thread     ] DEBUG FXGL                 - Loading FXGL system data
21:52:45.373 [FXGL Launcher Thread     ] DEBUG IOTask               - Executing task: readDataTask(system/fxgl.bundle)
21:52:45.404 [FXGL Launcher Thread     ] DEBUG FS                   - Reading from: system/fxgl.bundle
21:52:45.423 [FXGL Launcher Thread     ] DEBUG IOTask               - Task succeeded: readDataTask(system/fxgl.bundle)
21:52:45.424 [FXGL Launcher Thread     ] DEBUG Bundle               - Logging bundle: FXGL
21:52:45.426 [FXGL Launcher Thread     ] DEBUG Bundle               - FXGL.offline.timer.version.check=2018-02-05T15:01:58.001
21:52:45.532 [FXGL Launcher Thread     ] DEBUG GameApplication      - FXGL started
21:52:45.532 [FXGL Launcher Thread     ] DEBUG GameApplication      - Logging game settings
Title: Worlds Hardest Game!
Version: 0.1
Width: 1200
Height: 800
Fullscreen: false
Intro: false
Menus: false
Profiling: false
Single step:false
App Mode: DEVELOPER
Menu Key: ESCAPE
Stage Style: DECORATED
Scene Factory: class com.almasb.fxgl.scene.SceneFactory
Dialog Factory: class com.almasb.fxgl.ui.FXGLDialogFactory
UI Factory: class com.almasb.fxgl.ui.FXGLUIFactory
Notification Service: class com.almasb.fxgl.gameplay.notification.XboxNotificationView
Exception Handler: class com.almasb.fxgl.app.FXGLExceptionHandler
21:52:45.533 [FXGL Launcher Thread     ] DEBUG GameApplication      - Configuring GameApplication
21:52:45.533 [FXGL Launcher Thread     ] DEBUG GameApplication      - Initializing state machine and application states
21:52:45.545 [FXGL Launcher Thread     ] DEBUG AssetLoader          - Loading from disk: /assets/ui/cursors/fxgl_default.png
21:52:45.570 [FXGL Launcher Thread     ] DEBUG AssetLoader          - Loading from disk: /assets/ui/cursors/fxgl_default.png
21:52:45.572 [FXGL Launcher Thread     ] DEBUG AssetLoader          - Loading from disk: /assets/ui/cursors/fxgl_default.png
21:52:45.584 [FXGL Launcher Thread     ] DEBUG AssetLoader          - Loading from disk: /assets/sounds/core/notification.wav
21:52:45.665 [FXGL Launcher Thread     ] DEBUG AssetLoader          - Loading from disk: /assets/sounds/menu/select.wav
21:52:45.667 [FXGL Launcher Thread     ] DEBUG AssetLoader          - Loading from disk: /assets/sounds/menu/back.wav
21:52:45.670 [FXGL Launcher Thread     ] DEBUG AssetLoader          - Loading from disk: /assets/sounds/menu/press.wav
21:52:45.672 [FXGL Launcher Thread     ] DEBUG AssetLoader          - Loading from disk: /assets/ui/fonts/VarelaRound-Regular.ttf
21:52:45.690 [FXGL Launcher Thread     ] DEBUG AssetLoader          - Loading from disk: /assets/ui/fonts/lucida_console.ttf
21:52:45.695 [FXGL Launcher Thread     ] DEBUG AssetLoader          - Loading from disk: /assets/ui/css/fxgl_dark.css
21:52:45.695 [FXGL Launcher Thread     ] DEBUG AssetLoader          - Loading from disk: /assets/ui/icons/fxgl_icon.png
21:52:45.720 [FXGL Launcher Thread     ] DEBUG AssetLoader          - Loading from disk: /assets/ui/cursors/fxgl_default.png
21:52:45.743 [FXGL Launcher Thread     ] DEBUG FXGL.GameScene       - Game scene initialized: 1200x800
21:52:45.746 [FXGL Launcher Thread     ] DEBUG FXGL.GameWorld       - Game world initialized
21:52:45.807 [FXGL Launcher Thread     ] DEBUG FXGL.PhysicsWorld    - Physics world initialized: appHeight=800, physics.ppm=50,0
21:52:45.831 [FXGL Launcher Thread     ] DEBUG Input                - Registered new binding: Pause - Esc
21:52:45.845 [FXGL Launcher Thread     ] INFO  GameApplication      - Game configuration took:  0,312 sec
21:52:45.847 [JavaFX Application Thread] DEBUG MainWindow           - Opening main window
21:52:45.912 [JavaFX Application Thread] DEBUG MainWindow           - Window border size: (0.0, 22.0)
21:52:45.913 [JavaFX Application Thread] DEBUG MainWindow           - Scaled size: 1200.0 x 800.0
21:52:45.913 [JavaFX Application Thread] DEBUG MainWindow           - Scaled ratio: (1.0, 1.0)
21:52:45.913 [JavaFX Application Thread] DEBUG MainWindow           - Scene size: 1200.0 x 800.0
21:52:45.913 [JavaFX Application Thread] DEBUG MainWindow           - Stage size: 1200.0 x 822.0
21:52:45.913 [JavaFX Application Thread] DEBUG GameApplication      - Running preInit()
21:52:45.915 [JavaFX Application Thread] DEBUG AnnotationParser     - Main app package name: com.company
21:52:45.996 [JavaFX Application Thread] DEBUG AnnotationParser     - @SetAchievementStore: []
21:52:45.997 [JavaFX Application Thread] DEBUG Input                - Registered new binding: Screenshot - P
21:52:45.998 [JavaFX Application Thread] DEBUG Input                - Registered new binding: Dev Options - CTRL+0
21:52:45.998 [JavaFX Application Thread] DEBUG Input                - Registered new binding: Restart - CTRL+R
21:52:45.998 [JavaFX Application Thread] DEBUG Input                - Registered new binding: Move Left - A
21:52:45.998 [JavaFX Application Thread] DEBUG Input                - Registered new binding: Move Right - D
21:52:45.999 [JavaFX Application Thread] DEBUG Input                - Registered new binding: Move Up - W
21:52:45.999 [JavaFX Application Thread] DEBUG Input                - Registered new binding: Move Down - S
21:52:46.031 [JavaFX Application Thread] DEBUG GameApplication      - Starting main loop
21:52:46.058 [JavaFX Application Thread] DEBUG StartupState         - STARTUP
21:52:46.058 [JavaFX Application Thread] DEBUG GameApplication      - Starting new game
21:52:46.058 [JavaFX Application Thread] DEBUG Input                - Clearing active input actions
21:52:46.090 [JavaFX Application Thread] DEBUG AppStateMachine      - StartupState -> LoadingState
21:52:46.091 [JavaFX Application Thread] DEBUG AnnotationParser     - Main app package name: com.company
21:52:46.092 [JavaFX Application Thread] DEBUG InitAppTask          - Parsing annotations
21:52:46.137 [JavaFX Application Thread] DEBUG AnnotationParser     - @SetEntityFactory: []
21:52:46.137 [JavaFX Application Thread] DEBUG AnnotationParser     - @SetEventHandler: []
21:52:46.137 [JavaFX Application Thread] DEBUG AnnotationParser     - @AddCollisionHandler: []
21:52:46.143 [FXGL Background Thread 1 ] DEBUG InitAppTask          - Clearing previous game
21:52:46.143 [FXGL Background Thread 1 ] DEBUG FXGL.GameWorld       - Clearing game world
21:52:46.143 [FXGL Background Thread 1 ] DEBUG FXGL.PhysicsWorld    - Clearing physics world
21:52:46.143 [FXGL Background Thread 1 ] DEBUG FXGL.GameScene       - Clearing game scene
21:52:46.144 [FXGL Background Thread 1 ] DEBUG InitAppTask          - Initializing Assets
21:52:46.145 [FXGL Background Thread 1 ] DEBUG InitAppTask          - Initializing Game
21:52:46.182 [FXGL Background Thread 1 ] DEBUG FXGL.GameScene       - Creating render group for layer: TOP(2147483647)
21:52:46.193 [FXGL Background Thread 1 ] DEBUG InitAppTask          - Initializing Physics
21:52:46.193 [FXGL Background Thread 1 ] DEBUG InitAppTask          - Initializing UI
21:52:46.194 [FXGL Background Thread 1 ] DEBUG InitAppTask          - Initialization Complete
21:52:46.194 [FXGL Background Thread 1 ] INFO  InitAppTask          - Game initialization took: 0,051 sec
21:52:46.234 [JavaFX Application Thread] DEBUG Input                - Clearing active input actions
21:52:46.240 [JavaFX Application Thread] DEBUG AppStateMachine      - LoadingState -> PlayState
21:52:51.666 [JavaFX Application Thread] DEBUG GameApplication      - Exiting game application
21:52:51.668 [JavaFX Application Thread] DEBUG GameApplication      - Shutting down background threads
21:52:51.668 [JavaFX Application Thread] DEBUG GameApplication      - Exiting FXGL
21:52:51.668 [JavaFX Application Thread] DEBUG FXGL                 - Saving FXGL system data
21:52:51.669 [JavaFX Application Thread] DEBUG IOTask               - Executing task: writeDataTask(system/fxgl.bundle)
21:52:51.673 [JavaFX Application Thread] DEBUG FS                   - Writing to: system/fxgl.bundle
21:52:51.676 [JavaFX Application Thread] DEBUG IOTask               - Task succeeded: writeDataTask(system/fxgl.bundle)
21:52:51.676 [JavaFX Application Thread] DEBUG GameApplication      - Closing logger and exiting JavaFX
