23:18:08.220 [JavaFX Application Thread] DEBUG GameApplication      - Logger initialized
23:18:08.237 [JavaFX Application Thread] DEBUG MainWindow           - Creating a JavaFX scene
23:18:08.395 [JavaFX Application Thread] DEBUG MainWindow           - Target settings size: 1200.0 x 800.0
23:18:08.395 [JavaFX Application Thread] DEBUG MainWindow           - Scaled scene size:    1200.0 x 800.0
23:18:08.395 [JavaFX Application Thread] DEBUG MainWindow           - Scaled ratio: (1.0, 1.0)
23:18:08.814 [JavaFX Application Thread] DEBUG GameApplication      - Starting FXGL
23:18:08.888 [FXGL Launcher Thread     ] INFO  Version              - FXGL-0.4.2
23:18:08.889 [FXGL Launcher Thread     ] INFO  Version              - Source code and latest versions at: https://github.com/AlmasB/FXGL
23:18:08.889 [FXGL Launcher Thread     ] INFO  Version              -              Join the FXGL chat at: https://gitter.im/AlmasB/FXGL
23:18:08.890 [FXGL Launcher Thread     ] DEBUG FXGL                 - Loading FXGL system data
23:18:08.899 [FXGL Launcher Thread     ] DEBUG IOTask               - Executing task: readDataTask(system/fxgl.bundle)
23:18:08.934 [FXGL Launcher Thread     ] DEBUG FS                   - Reading from: system/fxgl.bundle
23:18:08.946 [FXGL Launcher Thread     ] DEBUG IOTask               - Task succeeded: readDataTask(system/fxgl.bundle)
23:18:08.947 [FXGL Launcher Thread     ] DEBUG Bundle               - Logging bundle: FXGL
23:18:08.947 [FXGL Launcher Thread     ] DEBUG Bundle               - FXGL.offline.timer.version.check=2018-02-12T21:06:07.797
23:18:08.989 [FXGL Launcher Thread     ] DEBUG GameApplication      - FXGL started
23:18:08.989 [FXGL Launcher Thread     ] DEBUG GameApplication      - Logging game settings
Title: Worlds Hardest Game!
Version: 0.1
Width: 1200
Height: 800
Fullscreen: false
Intro: false
Menus: false
Profiling: false
Single step:false
App Mode: DEVELOPER
Menu Key: ESCAPE
Stage Style: DECORATED
Scene Factory: class com.almasb.fxgl.scene.SceneFactory
Dialog Factory: class com.almasb.fxgl.ui.FXGLDialogFactory
UI Factory: class com.almasb.fxgl.ui.FXGLUIFactory
Notification Service: class com.almasb.fxgl.gameplay.notification.XboxNotificationView
Exception Handler: class com.almasb.fxgl.app.FXGLExceptionHandler
23:18:08.991 [FXGL Launcher Thread     ] DEBUG GameApplication      - Configuring GameApplication
23:18:08.992 [FXGL Launcher Thread     ] DEBUG GameApplication      - Initializing state machine and application states
23:18:09.004 [FXGL Launcher Thread     ] DEBUG AssetLoader          - Loading from disk: /assets/ui/cursors/fxgl_default.png
23:18:09.031 [FXGL Launcher Thread     ] DEBUG AssetLoader          - Loading from disk: /assets/ui/cursors/fxgl_default.png
23:18:09.041 [FXGL Launcher Thread     ] DEBUG AssetLoader          - Loading from disk: /assets/ui/cursors/fxgl_default.png
23:18:09.076 [FXGL Launcher Thread     ] DEBUG AssetLoader          - Loading from disk: /assets/sounds/core/notification.wav
23:18:09.162 [FXGL Launcher Thread     ] DEBUG AssetLoader          - Loading from disk: /assets/sounds/menu/select.wav
23:18:09.164 [FXGL Launcher Thread     ] DEBUG AssetLoader          - Loading from disk: /assets/sounds/menu/back.wav
23:18:09.166 [FXGL Launcher Thread     ] DEBUG AssetLoader          - Loading from disk: /assets/sounds/menu/press.wav
23:18:09.168 [FXGL Launcher Thread     ] DEBUG AssetLoader          - Loading from disk: /assets/ui/fonts/VarelaRound-Regular.ttf
23:18:09.191 [FXGL Launcher Thread     ] DEBUG AssetLoader          - Loading from disk: /assets/ui/fonts/lucida_console.ttf
23:18:09.198 [FXGL Launcher Thread     ] DEBUG AssetLoader          - Loading from disk: /assets/ui/css/fxgl_dark.css
23:18:09.199 [FXGL Launcher Thread     ] DEBUG AssetLoader          - Loading from disk: /assets/ui/icons/fxgl_icon.png
23:18:09.219 [FXGL Launcher Thread     ] DEBUG AssetLoader          - Loading from disk: /assets/ui/cursors/fxgl_default.png
23:18:09.254 [FXGL Launcher Thread     ] DEBUG FXGL.GameScene       - Game scene initialized: 1200x800
23:18:09.261 [FXGL Launcher Thread     ] DEBUG FXGL.GameWorld       - Game world initialized
23:18:09.332 [FXGL Launcher Thread     ] DEBUG FXGL.PhysicsWorld    - Physics world initialized: appHeight=800, physics.ppm=50,0
23:18:09.382 [FXGL Launcher Thread     ] DEBUG Input                - Registered new binding: Pause - Esc
23:18:09.421 [FXGL Launcher Thread     ] INFO  GameApplication      - Game configuration took:  0,429 sec
23:18:09.423 [JavaFX Application Thread] DEBUG MainWindow           - Opening main window
23:18:09.509 [JavaFX Application Thread] DEBUG MainWindow           - Window border size: (0.0, 22.0)
23:18:09.510 [JavaFX Application Thread] DEBUG MainWindow           - Scaled size: 1200.0 x 800.0
23:18:09.510 [JavaFX Application Thread] DEBUG MainWindow           - Scaled ratio: (1.0, 1.0)
23:18:09.510 [JavaFX Application Thread] DEBUG MainWindow           - Scene size: 1200.0 x 800.0
23:18:09.510 [JavaFX Application Thread] DEBUG MainWindow           - Stage size: 1200.0 x 822.0
23:18:09.510 [JavaFX Application Thread] DEBUG GameApplication      - Running preInit()
23:18:09.512 [JavaFX Application Thread] DEBUG AnnotationParser     - Main app package name: com.company
23:18:09.590 [JavaFX Application Thread] DEBUG AnnotationParser     - @SetAchievementStore: []
23:18:09.591 [JavaFX Application Thread] DEBUG Input                - Registered new binding: Screenshot - P
23:18:09.591 [JavaFX Application Thread] DEBUG Input                - Registered new binding: Dev Options - CTRL+0
23:18:09.592 [JavaFX Application Thread] DEBUG Input                - Registered new binding: Restart - CTRL+R
23:18:09.592 [JavaFX Application Thread] DEBUG Input                - Registered new binding: Move Left - A
23:18:09.592 [JavaFX Application Thread] DEBUG Input                - Registered new binding: Move Right - D
23:18:09.592 [JavaFX Application Thread] DEBUG Input                - Registered new binding: Move Up - W
23:18:09.592 [JavaFX Application Thread] DEBUG Input                - Registered new binding: Move Down - S
23:18:09.603 [JavaFX Application Thread] DEBUG AssetLoader          - Loading from disk: /assets/music/bgm.mp3
23:18:09.672 [JavaFX Application Thread] DEBUG AudioPlayer          - Playing music Music [balance=0.0, volume=1.0, rate=1.0, cycleCount=2147483647]
23:18:09.704 [JavaFX Application Thread] DEBUG GameApplication      - Starting main loop
23:18:09.731 [JavaFX Application Thread] DEBUG StartupState         - STARTUP
23:18:09.731 [JavaFX Application Thread] DEBUG GameApplication      - Starting new game
23:18:09.731 [JavaFX Application Thread] DEBUG Input                - Clearing active input actions
23:18:09.761 [JavaFX Application Thread] DEBUG AppStateMachine      - StartupState -> LoadingState
23:18:09.762 [JavaFX Application Thread] DEBUG AnnotationParser     - Main app package name: com.company
23:18:09.762 [JavaFX Application Thread] DEBUG InitAppTask          - Parsing annotations
23:18:09.777 [JavaFX Application Thread] DEBUG AnnotationParser     - @SetEventHandler: []
23:18:09.777 [JavaFX Application Thread] DEBUG AnnotationParser     - @SetEntityFactory: []
23:18:09.777 [JavaFX Application Thread] DEBUG AnnotationParser     - @AddCollisionHandler: []
23:18:09.783 [FXGL Background Thread 1 ] DEBUG InitAppTask          - Clearing previous game
23:18:09.783 [FXGL Background Thread 1 ] DEBUG FXGL.GameWorld       - Clearing game world
23:18:09.783 [FXGL Background Thread 1 ] DEBUG FXGL.PhysicsWorld    - Clearing physics world
23:18:09.783 [FXGL Background Thread 1 ] DEBUG FXGL.GameScene       - Clearing game scene
23:18:09.784 [FXGL Background Thread 1 ] DEBUG InitAppTask          - Initializing Assets
23:18:09.785 [FXGL Background Thread 1 ] DEBUG InitAppTask          - Initializing Game
23:18:09.824 [FXGL Background Thread 1 ] DEBUG FXGL.GameScene       - Creating render group for layer: TOP(2147483647)
23:18:09.872 [FXGL Background Thread 1 ] DEBUG InitAppTask          - Initializing Physics
23:18:09.873 [FXGL Background Thread 1 ] DEBUG InitAppTask          - Initializing UI
23:18:09.873 [FXGL Background Thread 1 ] DEBUG InitAppTask          - Initialization Complete
23:18:09.873 [FXGL Background Thread 1 ] INFO  InitAppTask          - Game initialization took: 0,090 sec
23:18:09.889 [JavaFX Application Thread] DEBUG Input                - Clearing active input actions
23:18:09.898 [JavaFX Application Thread] DEBUG AppStateMachine      - LoadingState -> PlayState
23:18:14.625 [JavaFX Application Thread] DEBUG AssetLoader          - Loading from disk: /assets/sounds/smack.wav
23:18:19.777 [JavaFX Application Thread] DEBUG AssetLoader          - Loading from cache: /assets/sounds/smack.wav
23:18:21.661 [JavaFX Application Thread] DEBUG AssetLoader          - Loading from cache: /assets/sounds/smack.wav
23:18:27.944 [JavaFX Application Thread] DEBUG AssetLoader          - Loading from cache: /assets/sounds/smack.wav
23:18:36.693 [JavaFX Application Thread] DEBUG AssetLoader          - Loading from cache: /assets/sounds/smack.wav
23:18:49.378 [JavaFX Application Thread] DEBUG AssetLoader          - Loading from cache: /assets/sounds/smack.wav
23:18:54.377 [JavaFX Application Thread] DEBUG AssetLoader          - Loading from cache: /assets/sounds/smack.wav
23:19:00.344 [JavaFX Application Thread] DEBUG AssetLoader          - Loading from cache: /assets/sounds/smack.wav
23:19:06.310 [JavaFX Application Thread] DEBUG AssetLoader          - Loading from cache: /assets/sounds/smack.wav
23:19:11.477 [JavaFX Application Thread] DEBUG AssetLoader          - Loading from cache: /assets/sounds/smack.wav
23:19:15.878 [JavaFX Application Thread] DEBUG AssetLoader          - Loading from cache: /assets/sounds/smack.wav
23:19:25.611 [JavaFX Application Thread] DEBUG AssetLoader          - Loading from cache: /assets/sounds/smack.wav
23:19:31.727 [JavaFX Application Thread] DEBUG AssetLoader          - Loading from cache: /assets/sounds/smack.wav
23:19:33.710 [JavaFX Application Thread] DEBUG AssetLoader          - Loading from cache: /assets/sounds/smack.wav
23:19:38.711 [JavaFX Application Thread] DEBUG AssetLoader          - Loading from cache: /assets/sounds/smack.wav
23:19:44.228 [JavaFX Application Thread] DEBUG AssetLoader          - Loading from cache: /assets/sounds/smack.wav
23:19:55.995 [JavaFX Application Thread] DEBUG AssetLoader          - Loading from cache: /assets/sounds/smack.wav
23:20:13.078 [JavaFX Application Thread] DEBUG AssetLoader          - Loading from cache: /assets/sounds/smack.wav
23:20:33.271 [JavaFX Application Thread] DEBUG GameApplication      - Exiting game application
23:20:33.272 [JavaFX Application Thread] DEBUG GameApplication      - Shutting down background threads
23:20:33.273 [JavaFX Application Thread] DEBUG GameApplication      - Exiting FXGL
23:20:33.273 [JavaFX Application Thread] DEBUG FXGL                 - Saving FXGL system data
23:20:33.274 [JavaFX Application Thread] DEBUG IOTask               - Executing task: writeDataTask(system/fxgl.bundle)
23:20:33.277 [JavaFX Application Thread] DEBUG FS                   - Writing to: system/fxgl.bundle
23:20:33.282 [JavaFX Application Thread] DEBUG IOTask               - Task succeeded: writeDataTask(system/fxgl.bundle)
23:20:33.282 [JavaFX Application Thread] DEBUG GameApplication      - Closing logger and exiting JavaFX
