22:58:48.873 [JavaFX Application Thread] DEBUG GameApplication      - Logger initialized
22:58:48.892 [JavaFX Application Thread] DEBUG MainWindow           - Creating a JavaFX scene
22:58:49.028 [JavaFX Application Thread] DEBUG MainWindow           - Target settings size: 1200.0 x 800.0
22:58:49.029 [JavaFX Application Thread] DEBUG MainWindow           - Scaled scene size:    1200.0 x 800.0
22:58:49.030 [JavaFX Application Thread] DEBUG MainWindow           - Scaled ratio: (1.0, 1.0)
22:58:49.455 [JavaFX Application Thread] DEBUG GameApplication      - Starting FXGL
22:58:49.529 [FXGL Launcher Thread     ] INFO  Version              - FXGL-0.4.2
22:58:49.531 [FXGL Launcher Thread     ] INFO  Version              - Source code and latest versions at: https://github.com/AlmasB/FXGL
22:58:49.532 [FXGL Launcher Thread     ] INFO  Version              -              Join the FXGL chat at: https://gitter.im/AlmasB/FXGL
22:58:49.533 [FXGL Launcher Thread     ] DEBUG FXGL                 - Loading FXGL system data
22:58:49.545 [FXGL Launcher Thread     ] DEBUG IOTask               - Executing task: readDataTask(system/fxgl.bundle)
22:58:49.590 [FXGL Launcher Thread     ] DEBUG FS                   - Reading from: system/fxgl.bundle
22:58:49.612 [FXGL Launcher Thread     ] DEBUG IOTask               - Task succeeded: readDataTask(system/fxgl.bundle)
22:58:49.613 [FXGL Launcher Thread     ] DEBUG Bundle               - Logging bundle: FXGL
22:58:49.613 [FXGL Launcher Thread     ] DEBUG Bundle               - FXGL.offline.timer.version.check=2018-02-12T21:06:07.797
22:58:49.646 [FXGL Launcher Thread     ] DEBUG GameApplication      - FXGL started
22:58:49.647 [FXGL Launcher Thread     ] DEBUG GameApplication      - Logging game settings
Title: Worlds Hardest Game!
Version: 0.1
Width: 1200
Height: 800
Fullscreen: false
Intro: false
Menus: false
Profiling: false
Single step:false
App Mode: DEVELOPER
Menu Key: ESCAPE
Stage Style: DECORATED
Scene Factory: class com.almasb.fxgl.scene.SceneFactory
Dialog Factory: class com.almasb.fxgl.ui.FXGLDialogFactory
UI Factory: class com.almasb.fxgl.ui.FXGLUIFactory
Notification Service: class com.almasb.fxgl.gameplay.notification.XboxNotificationView
Exception Handler: class com.almasb.fxgl.app.FXGLExceptionHandler
22:58:49.648 [FXGL Launcher Thread     ] DEBUG GameApplication      - Configuring GameApplication
22:58:49.649 [FXGL Launcher Thread     ] DEBUG GameApplication      - Initializing state machine and application states
22:58:49.660 [FXGL Launcher Thread     ] DEBUG AssetLoader          - Loading from disk: /assets/ui/cursors/fxgl_default.png
22:58:49.731 [FXGL Launcher Thread     ] DEBUG AssetLoader          - Loading from disk: /assets/ui/cursors/fxgl_default.png
22:58:49.750 [FXGL Launcher Thread     ] DEBUG AssetLoader          - Loading from disk: /assets/ui/cursors/fxgl_default.png
22:58:49.771 [FXGL Launcher Thread     ] DEBUG AssetLoader          - Loading from disk: /assets/sounds/core/notification.wav
22:58:49.831 [FXGL Launcher Thread     ] DEBUG AssetLoader          - Loading from disk: /assets/sounds/menu/select.wav
22:58:49.835 [FXGL Launcher Thread     ] DEBUG AssetLoader          - Loading from disk: /assets/sounds/menu/back.wav
22:58:49.837 [FXGL Launcher Thread     ] DEBUG AssetLoader          - Loading from disk: /assets/sounds/menu/press.wav
22:58:49.840 [FXGL Launcher Thread     ] DEBUG AssetLoader          - Loading from disk: /assets/ui/fonts/VarelaRound-Regular.ttf
22:58:49.874 [FXGL Launcher Thread     ] DEBUG AssetLoader          - Loading from disk: /assets/ui/fonts/lucida_console.ttf
22:58:49.880 [FXGL Launcher Thread     ] DEBUG AssetLoader          - Loading from disk: /assets/ui/css/fxgl_dark.css
22:58:49.880 [FXGL Launcher Thread     ] DEBUG AssetLoader          - Loading from disk: /assets/ui/icons/fxgl_icon.png
22:58:49.948 [FXGL Launcher Thread     ] DEBUG AssetLoader          - Loading from disk: /assets/ui/cursors/fxgl_default.png
22:58:49.976 [FXGL Launcher Thread     ] DEBUG FXGL.GameScene       - Game scene initialized: 1200x800
22:58:49.979 [FXGL Launcher Thread     ] DEBUG FXGL.GameWorld       - Game world initialized
22:58:50.093 [FXGL Launcher Thread     ] DEBUG FXGL.PhysicsWorld    - Physics world initialized: appHeight=800, physics.ppm=50,0
22:58:50.133 [FXGL Launcher Thread     ] DEBUG Input                - Registered new binding: Pause - Esc
22:58:50.153 [FXGL Launcher Thread     ] INFO  GameApplication      - Game configuration took:  0,504 sec
22:58:50.155 [JavaFX Application Thread] DEBUG MainWindow           - Opening main window
22:58:50.219 [JavaFX Application Thread] DEBUG MainWindow           - Window border size: (0.0, 22.0)
22:58:50.219 [JavaFX Application Thread] DEBUG MainWindow           - Scaled size: 1200.0 x 800.0
22:58:50.220 [JavaFX Application Thread] DEBUG MainWindow           - Scaled ratio: (1.0, 1.0)
22:58:50.220 [JavaFX Application Thread] DEBUG MainWindow           - Scene size: 1200.0 x 800.0
22:58:50.220 [JavaFX Application Thread] DEBUG MainWindow           - Stage size: 1200.0 x 822.0
22:58:50.220 [JavaFX Application Thread] DEBUG GameApplication      - Running preInit()
22:58:50.222 [JavaFX Application Thread] DEBUG AnnotationParser     - Main app package name: com.company
22:58:50.353 [JavaFX Application Thread] DEBUG AnnotationParser     - @SetAchievementStore: []
22:58:50.354 [JavaFX Application Thread] DEBUG Input                - Registered new binding: Screenshot - P
22:58:50.354 [JavaFX Application Thread] DEBUG Input                - Registered new binding: Dev Options - CTRL+0
22:58:50.354 [JavaFX Application Thread] DEBUG Input                - Registered new binding: Restart - CTRL+R
22:58:50.355 [JavaFX Application Thread] DEBUG Input                - Registered new binding: Move Left - A
22:58:50.355 [JavaFX Application Thread] DEBUG Input                - Registered new binding: Move Right - D
22:58:50.355 [JavaFX Application Thread] DEBUG Input                - Registered new binding: Move Up - W
22:58:50.355 [JavaFX Application Thread] DEBUG Input                - Registered new binding: Move Down - S
22:58:50.367 [JavaFX Application Thread] DEBUG AssetLoader          - Loading from disk: /assets/music/bgm.mp3
22:58:50.442 [JavaFX Application Thread] DEBUG AudioPlayer          - Playing music Music [balance=0.0, volume=1.0, rate=1.0, cycleCount=2147483647]
22:58:50.470 [JavaFX Application Thread] DEBUG GameApplication      - Starting main loop
22:58:50.498 [JavaFX Application Thread] DEBUG StartupState         - STARTUP
22:58:50.498 [JavaFX Application Thread] DEBUG GameApplication      - Starting new game
22:58:50.498 [JavaFX Application Thread] DEBUG Input                - Clearing active input actions
22:58:50.528 [JavaFX Application Thread] DEBUG AppStateMachine      - StartupState -> LoadingState
22:58:50.531 [JavaFX Application Thread] DEBUG AnnotationParser     - Main app package name: com.company
22:58:50.531 [JavaFX Application Thread] DEBUG InitAppTask          - Parsing annotations
22:58:50.549 [JavaFX Application Thread] DEBUG AnnotationParser     - @AddCollisionHandler: []
22:58:50.549 [JavaFX Application Thread] DEBUG AnnotationParser     - @SetEntityFactory: []
22:58:50.549 [JavaFX Application Thread] DEBUG AnnotationParser     - @SetEventHandler: []
22:58:50.555 [FXGL Background Thread 1 ] DEBUG InitAppTask          - Clearing previous game
22:58:50.555 [FXGL Background Thread 1 ] DEBUG FXGL.GameWorld       - Clearing game world
22:58:50.555 [FXGL Background Thread 1 ] DEBUG FXGL.PhysicsWorld    - Clearing physics world
22:58:50.555 [FXGL Background Thread 1 ] DEBUG FXGL.GameScene       - Clearing game scene
22:58:50.556 [FXGL Background Thread 1 ] DEBUG InitAppTask          - Initializing Assets
22:58:50.557 [FXGL Background Thread 1 ] DEBUG InitAppTask          - Initializing Game
22:58:50.604 [FXGL Background Thread 1 ] DEBUG FXGL.GameScene       - Creating render group for layer: TOP(2147483647)
22:58:50.667 [FXGL Background Thread 1 ] DEBUG InitAppTask          - Initializing Physics
22:58:50.668 [FXGL Background Thread 1 ] DEBUG InitAppTask          - Initializing UI
22:58:50.669 [FXGL Background Thread 1 ] DEBUG InitAppTask          - Initialization Complete
22:58:50.670 [FXGL Background Thread 1 ] INFO  InitAppTask          - Game initialization took: 0,115 sec
22:58:50.674 [JavaFX Application Thread] DEBUG Input                - Clearing active input actions
22:58:50.684 [JavaFX Application Thread] DEBUG AppStateMachine      - LoadingState -> PlayState
22:58:54.270 [JavaFX Application Thread] DEBUG GameApplication      - Exiting game application
22:58:54.271 [JavaFX Application Thread] DEBUG GameApplication      - Shutting down background threads
22:58:54.272 [JavaFX Application Thread] DEBUG GameApplication      - Exiting FXGL
22:58:54.272 [JavaFX Application Thread] DEBUG FXGL                 - Saving FXGL system data
22:58:54.273 [JavaFX Application Thread] DEBUG IOTask               - Executing task: writeDataTask(system/fxgl.bundle)
22:58:54.277 [JavaFX Application Thread] DEBUG FS                   - Writing to: system/fxgl.bundle
22:58:54.280 [JavaFX Application Thread] DEBUG IOTask               - Task succeeded: writeDataTask(system/fxgl.bundle)
22:58:54.280 [JavaFX Application Thread] DEBUG GameApplication      - Closing logger and exiting JavaFX
