15:16:39.521 [JavaFX Application Thread] DEBUG GameApplication      - Logger initialized
15:16:39.537 [JavaFX Application Thread] DEBUG MainWindow           - Creating a JavaFX scene
15:16:39.703 [JavaFX Application Thread] DEBUG MainWindow           - Target settings size: 1200.0 x 800.0
15:16:39.703 [JavaFX Application Thread] DEBUG MainWindow           - Scaled scene size:    1200.0 x 800.0
15:16:39.703 [JavaFX Application Thread] DEBUG MainWindow           - Scaled ratio: (1.0, 1.0)
15:16:40.094 [JavaFX Application Thread] DEBUG GameApplication      - Starting FXGL
15:16:40.158 [FXGL Launcher Thread     ] INFO  Version              - FXGL-0.4.2
15:16:40.158 [FXGL Launcher Thread     ] INFO  Version              - Source code and latest versions at: https://github.com/AlmasB/FXGL
15:16:40.158 [FXGL Launcher Thread     ] INFO  Version              -              Join the FXGL chat at: https://gitter.im/AlmasB/FXGL
15:16:40.159 [FXGL Launcher Thread     ] DEBUG FXGL                 - Loading FXGL system data
15:16:40.167 [FXGL Launcher Thread     ] DEBUG IOTask               - Executing task: readDataTask(system/fxgl.bundle)
15:16:40.198 [FXGL Launcher Thread     ] DEBUG FS                   - Reading from: system/fxgl.bundle
15:16:40.217 [FXGL Launcher Thread     ] DEBUG IOTask               - Task succeeded: readDataTask(system/fxgl.bundle)
15:16:40.218 [FXGL Launcher Thread     ] DEBUG Bundle               - Logging bundle: FXGL
15:16:40.219 [FXGL Launcher Thread     ] DEBUG Bundle               - FXGL.offline.timer.version.check=2018-02-05T15:01:58.001
15:16:40.264 [FXGL Launcher Thread     ] DEBUG GameApplication      - FXGL started
15:16:40.264 [FXGL Launcher Thread     ] DEBUG GameApplication      - Logging game settings
Title: Worlds Hardest Game!
Version: 0.1
Width: 1200
Height: 800
Fullscreen: false
Intro: false
Menus: false
Profiling: false
Single step:false
App Mode: DEVELOPER
Menu Key: ESCAPE
Stage Style: DECORATED
Scene Factory: class com.almasb.fxgl.scene.SceneFactory
Dialog Factory: class com.almasb.fxgl.ui.FXGLDialogFactory
UI Factory: class com.almasb.fxgl.ui.FXGLUIFactory
Notification Service: class com.almasb.fxgl.gameplay.notification.XboxNotificationView
Exception Handler: class com.almasb.fxgl.app.FXGLExceptionHandler
15:16:40.265 [FXGL Launcher Thread     ] DEBUG GameApplication      - Configuring GameApplication
15:16:40.266 [FXGL Launcher Thread     ] DEBUG GameApplication      - Initializing state machine and application states
15:16:40.281 [FXGL Launcher Thread     ] DEBUG AssetLoader          - Loading from disk: /assets/ui/cursors/fxgl_default.png
15:16:40.312 [FXGL Launcher Thread     ] DEBUG AssetLoader          - Loading from disk: /assets/ui/cursors/fxgl_default.png
15:16:40.315 [FXGL Launcher Thread     ] DEBUG AssetLoader          - Loading from disk: /assets/ui/cursors/fxgl_default.png
15:16:40.329 [FXGL Launcher Thread     ] DEBUG AssetLoader          - Loading from disk: /assets/sounds/core/notification.wav
15:16:40.407 [FXGL Launcher Thread     ] DEBUG AssetLoader          - Loading from disk: /assets/sounds/menu/select.wav
15:16:40.408 [FXGL Launcher Thread     ] DEBUG AssetLoader          - Loading from disk: /assets/sounds/menu/back.wav
15:16:40.411 [FXGL Launcher Thread     ] DEBUG AssetLoader          - Loading from disk: /assets/sounds/menu/press.wav
15:16:40.414 [FXGL Launcher Thread     ] DEBUG AssetLoader          - Loading from disk: /assets/ui/fonts/VarelaRound-Regular.ttf
15:16:40.432 [FXGL Launcher Thread     ] DEBUG AssetLoader          - Loading from disk: /assets/ui/fonts/lucida_console.ttf
15:16:40.435 [FXGL Launcher Thread     ] DEBUG AssetLoader          - Loading from disk: /assets/ui/css/fxgl_dark.css
15:16:40.436 [FXGL Launcher Thread     ] DEBUG AssetLoader          - Loading from disk: /assets/ui/icons/fxgl_icon.png
15:16:40.473 [FXGL Launcher Thread     ] DEBUG AssetLoader          - Loading from disk: /assets/ui/cursors/fxgl_default.png
15:16:40.504 [FXGL Launcher Thread     ] DEBUG FXGL.GameScene       - Game scene initialized: 1200x800
15:16:40.507 [FXGL Launcher Thread     ] DEBUG FXGL.GameWorld       - Game world initialized
15:16:40.557 [FXGL Launcher Thread     ] DEBUG FXGL.PhysicsWorld    - Physics world initialized: appHeight=800, physics.ppm=50,0
15:16:40.578 [FXGL Launcher Thread     ] DEBUG Input                - Registered new binding: Pause - Esc
15:16:40.589 [FXGL Launcher Thread     ] INFO  GameApplication      - Game configuration took:  0,323 sec
15:16:40.590 [JavaFX Application Thread] DEBUG MainWindow           - Opening main window
15:16:40.646 [JavaFX Application Thread] DEBUG MainWindow           - Window border size: (0.0, 22.0)
15:16:40.646 [JavaFX Application Thread] DEBUG MainWindow           - Scaled size: 1200.0 x 800.0
15:16:40.647 [JavaFX Application Thread] DEBUG MainWindow           - Scaled ratio: (1.0, 1.0)
15:16:40.647 [JavaFX Application Thread] DEBUG MainWindow           - Scene size: 1200.0 x 800.0
15:16:40.647 [JavaFX Application Thread] DEBUG MainWindow           - Stage size: 1200.0 x 822.0
15:16:40.647 [JavaFX Application Thread] DEBUG GameApplication      - Running preInit()
15:16:40.648 [JavaFX Application Thread] DEBUG AnnotationParser     - Main app package name: com.company
15:16:40.734 [JavaFX Application Thread] DEBUG AnnotationParser     - @SetAchievementStore: []
15:16:40.734 [JavaFX Application Thread] DEBUG Input                - Registered new binding: Screenshot - P
15:16:40.735 [JavaFX Application Thread] DEBUG Input                - Registered new binding: Dev Options - CTRL+0
15:16:40.735 [JavaFX Application Thread] DEBUG Input                - Registered new binding: Restart - CTRL+R
15:16:40.768 [JavaFX Application Thread] DEBUG GameApplication      - Starting main loop
15:16:40.794 [JavaFX Application Thread] DEBUG StartupState         - STARTUP
15:16:40.795 [JavaFX Application Thread] DEBUG GameApplication      - Starting new game
15:16:40.795 [JavaFX Application Thread] DEBUG Input                - Clearing active input actions
15:16:40.827 [JavaFX Application Thread] DEBUG AppStateMachine      - StartupState -> LoadingState
15:16:40.828 [JavaFX Application Thread] DEBUG AnnotationParser     - Main app package name: com.company
15:16:40.828 [JavaFX Application Thread] DEBUG InitAppTask          - Parsing annotations
15:16:40.840 [JavaFX Application Thread] DEBUG AnnotationParser     - @SetEntityFactory: []
15:16:40.840 [JavaFX Application Thread] DEBUG AnnotationParser     - @SetEventHandler: []
15:16:40.840 [JavaFX Application Thread] DEBUG AnnotationParser     - @AddCollisionHandler: []
15:16:40.846 [FXGL Background Thread 1 ] DEBUG InitAppTask          - Clearing previous game
15:16:40.846 [FXGL Background Thread 1 ] DEBUG FXGL.GameWorld       - Clearing game world
15:16:40.846 [FXGL Background Thread 1 ] DEBUG FXGL.PhysicsWorld    - Clearing physics world
15:16:40.846 [FXGL Background Thread 1 ] DEBUG FXGL.GameScene       - Clearing game scene
15:16:40.847 [FXGL Background Thread 1 ] DEBUG InitAppTask          - Initializing Assets
15:16:40.848 [FXGL Background Thread 1 ] DEBUG InitAppTask          - Initializing Game
15:16:40.851 [FXGL Background Thread 1 ] DEBUG InitAppTask          - Initializing Physics
15:16:40.852 [FXGL Background Thread 1 ] DEBUG InitAppTask          - Initializing UI
15:16:40.852 [FXGL Background Thread 1 ] DEBUG InitAppTask          - Initialization Complete
15:16:40.852 [FXGL Background Thread 1 ] INFO  InitAppTask          - Game initialization took: 0,006 sec
15:16:40.921 [JavaFX Application Thread] DEBUG Input                - Clearing active input actions
15:16:40.925 [JavaFX Application Thread] DEBUG AppStateMachine      - LoadingState -> PlayState
15:16:45.886 [JavaFX Application Thread] DEBUG GameApplication      - Exiting game application
15:16:45.888 [JavaFX Application Thread] DEBUG GameApplication      - Shutting down background threads
15:16:45.888 [JavaFX Application Thread] DEBUG GameApplication      - Exiting FXGL
15:16:45.888 [JavaFX Application Thread] DEBUG FXGL                 - Saving FXGL system data
15:16:45.890 [JavaFX Application Thread] DEBUG IOTask               - Executing task: writeDataTask(system/fxgl.bundle)
15:16:45.893 [JavaFX Application Thread] DEBUG FS                   - Writing to: system/fxgl.bundle
15:16:45.896 [JavaFX Application Thread] DEBUG IOTask               - Task succeeded: writeDataTask(system/fxgl.bundle)
15:16:45.897 [JavaFX Application Thread] DEBUG GameApplication      - Closing logger and exiting JavaFX
