22:58:22.564 [JavaFX Application Thread] DEBUG GameApplication      - Logger initialized
22:58:22.583 [JavaFX Application Thread] DEBUG MainWindow           - Creating a JavaFX scene
22:58:22.727 [JavaFX Application Thread] DEBUG MainWindow           - Target settings size: 1200.0 x 800.0
22:58:22.727 [JavaFX Application Thread] DEBUG MainWindow           - Scaled scene size:    1200.0 x 800.0
22:58:22.727 [JavaFX Application Thread] DEBUG MainWindow           - Scaled ratio: (1.0, 1.0)
22:58:23.162 [JavaFX Application Thread] DEBUG GameApplication      - Starting FXGL
22:58:23.224 [FXGL Launcher Thread     ] INFO  Version              - FXGL-0.4.2
22:58:23.241 [FXGL Launcher Thread     ] INFO  Version              - Source code and latest versions at: https://github.com/AlmasB/FXGL
22:58:23.241 [FXGL Launcher Thread     ] INFO  Version              -              Join the FXGL chat at: https://gitter.im/AlmasB/FXGL
22:58:23.243 [FXGL Launcher Thread     ] DEBUG FXGL                 - Loading FXGL system data
22:58:23.257 [FXGL Launcher Thread     ] DEBUG IOTask               - Executing task: readDataTask(system/fxgl.bundle)
22:58:23.286 [FXGL Launcher Thread     ] DEBUG FS                   - Reading from: system/fxgl.bundle
22:58:23.300 [FXGL Launcher Thread     ] DEBUG IOTask               - Task succeeded: readDataTask(system/fxgl.bundle)
22:58:23.300 [FXGL Launcher Thread     ] DEBUG Bundle               - Logging bundle: FXGL
22:58:23.302 [FXGL Launcher Thread     ] DEBUG Bundle               - FXGL.offline.timer.version.check=2018-02-12T21:06:07.797
22:58:23.345 [FXGL Launcher Thread     ] DEBUG GameApplication      - FXGL started
22:58:23.346 [FXGL Launcher Thread     ] DEBUG GameApplication      - Logging game settings
Title: Worlds Hardest Game!
Version: 0.1
Width: 1200
Height: 800
Fullscreen: false
Intro: false
Menus: false
Profiling: false
Single step:false
App Mode: DEVELOPER
Menu Key: ESCAPE
Stage Style: DECORATED
Scene Factory: class com.almasb.fxgl.scene.SceneFactory
Dialog Factory: class com.almasb.fxgl.ui.FXGLDialogFactory
UI Factory: class com.almasb.fxgl.ui.FXGLUIFactory
Notification Service: class com.almasb.fxgl.gameplay.notification.XboxNotificationView
Exception Handler: class com.almasb.fxgl.app.FXGLExceptionHandler
22:58:23.347 [FXGL Launcher Thread     ] DEBUG GameApplication      - Configuring GameApplication
22:58:23.347 [FXGL Launcher Thread     ] DEBUG GameApplication      - Initializing state machine and application states
22:58:23.358 [FXGL Launcher Thread     ] DEBUG AssetLoader          - Loading from disk: /assets/ui/cursors/fxgl_default.png
22:58:23.399 [FXGL Launcher Thread     ] DEBUG AssetLoader          - Loading from disk: /assets/ui/cursors/fxgl_default.png
22:58:23.411 [FXGL Launcher Thread     ] DEBUG AssetLoader          - Loading from disk: /assets/ui/cursors/fxgl_default.png
22:58:23.430 [FXGL Launcher Thread     ] DEBUG AssetLoader          - Loading from disk: /assets/sounds/core/notification.wav
22:58:23.531 [FXGL Launcher Thread     ] DEBUG AssetLoader          - Loading from disk: /assets/sounds/menu/select.wav
22:58:23.534 [FXGL Launcher Thread     ] DEBUG AssetLoader          - Loading from disk: /assets/sounds/menu/back.wav
22:58:23.537 [FXGL Launcher Thread     ] DEBUG AssetLoader          - Loading from disk: /assets/sounds/menu/press.wav
22:58:23.540 [FXGL Launcher Thread     ] DEBUG AssetLoader          - Loading from disk: /assets/ui/fonts/VarelaRound-Regular.ttf
22:58:23.562 [FXGL Launcher Thread     ] DEBUG AssetLoader          - Loading from disk: /assets/ui/fonts/lucida_console.ttf
22:58:23.569 [FXGL Launcher Thread     ] DEBUG AssetLoader          - Loading from disk: /assets/ui/css/fxgl_dark.css
22:58:23.570 [FXGL Launcher Thread     ] DEBUG AssetLoader          - Loading from disk: /assets/ui/icons/fxgl_icon.png
22:58:23.589 [FXGL Launcher Thread     ] DEBUG AssetLoader          - Loading from disk: /assets/ui/cursors/fxgl_default.png
22:58:23.616 [FXGL Launcher Thread     ] DEBUG FXGL.GameScene       - Game scene initialized: 1200x800
22:58:23.620 [FXGL Launcher Thread     ] DEBUG FXGL.GameWorld       - Game world initialized
22:58:23.792 [FXGL Launcher Thread     ] DEBUG FXGL.PhysicsWorld    - Physics world initialized: appHeight=800, physics.ppm=50,0
22:58:23.834 [FXGL Launcher Thread     ] DEBUG Input                - Registered new binding: Pause - Esc
22:58:23.872 [FXGL Launcher Thread     ] INFO  GameApplication      - Game configuration took:  0,525 sec
22:58:23.874 [JavaFX Application Thread] DEBUG MainWindow           - Opening main window
22:58:23.946 [JavaFX Application Thread] DEBUG MainWindow           - Window border size: (0.0, 22.0)
22:58:23.947 [JavaFX Application Thread] DEBUG MainWindow           - Scaled size: 1200.0 x 800.0
22:58:23.947 [JavaFX Application Thread] DEBUG MainWindow           - Scaled ratio: (1.0, 1.0)
22:58:23.947 [JavaFX Application Thread] DEBUG MainWindow           - Scene size: 1200.0 x 800.0
22:58:23.947 [JavaFX Application Thread] DEBUG MainWindow           - Stage size: 1200.0 x 822.0
22:58:23.947 [JavaFX Application Thread] DEBUG GameApplication      - Running preInit()
22:58:23.949 [JavaFX Application Thread] DEBUG AnnotationParser     - Main app package name: com.company
22:58:24.078 [JavaFX Application Thread] DEBUG AnnotationParser     - @SetAchievementStore: []
22:58:24.079 [JavaFX Application Thread] DEBUG Input                - Registered new binding: Screenshot - P
22:58:24.079 [JavaFX Application Thread] DEBUG Input                - Registered new binding: Dev Options - CTRL+0
22:58:24.080 [JavaFX Application Thread] DEBUG Input                - Registered new binding: Restart - CTRL+R
22:58:24.080 [JavaFX Application Thread] DEBUG Input                - Registered new binding: Move Left - A
22:58:24.081 [JavaFX Application Thread] DEBUG Input                - Registered new binding: Move Right - D
22:58:24.081 [JavaFX Application Thread] DEBUG Input                - Registered new binding: Move Up - W
22:58:24.081 [JavaFX Application Thread] DEBUG Input                - Registered new binding: Move Down - S
22:58:24.086 [JavaFX Application Thread] DEBUG AssetLoader          - Loading from disk: /assets/music/bgm.mp3
22:58:24.193 [JavaFX Application Thread] DEBUG AudioPlayer          - Playing music Music [balance=0.0, volume=1.0, rate=1.0, cycleCount=2147483647]
22:58:24.225 [JavaFX Application Thread] DEBUG GameApplication      - Starting main loop
22:58:24.258 [JavaFX Application Thread] DEBUG StartupState         - STARTUP
22:58:24.258 [JavaFX Application Thread] DEBUG GameApplication      - Starting new game
22:58:24.258 [JavaFX Application Thread] DEBUG Input                - Clearing active input actions
22:58:24.291 [JavaFX Application Thread] DEBUG AppStateMachine      - StartupState -> LoadingState
22:58:24.294 [JavaFX Application Thread] DEBUG AnnotationParser     - Main app package name: com.company
22:58:24.295 [JavaFX Application Thread] DEBUG InitAppTask          - Parsing annotations
22:58:24.308 [JavaFX Application Thread] DEBUG AnnotationParser     - @SetEntityFactory: []
22:58:24.308 [JavaFX Application Thread] DEBUG AnnotationParser     - @SetEventHandler: []
22:58:24.308 [JavaFX Application Thread] DEBUG AnnotationParser     - @AddCollisionHandler: []
22:58:24.313 [FXGL Background Thread 1 ] DEBUG InitAppTask          - Clearing previous game
22:58:24.314 [FXGL Background Thread 1 ] DEBUG FXGL.GameWorld       - Clearing game world
22:58:24.314 [FXGL Background Thread 1 ] DEBUG FXGL.PhysicsWorld    - Clearing physics world
22:58:24.314 [FXGL Background Thread 1 ] DEBUG FXGL.GameScene       - Clearing game scene
22:58:24.315 [FXGL Background Thread 1 ] DEBUG InitAppTask          - Initializing Assets
22:58:24.316 [FXGL Background Thread 1 ] DEBUG InitAppTask          - Initializing Game
22:58:24.360 [FXGL Background Thread 1 ] DEBUG FXGL.GameScene       - Creating render group for layer: TOP(2147483647)
22:58:24.419 [FXGL Background Thread 1 ] DEBUG InitAppTask          - Initializing Physics
22:58:24.420 [FXGL Background Thread 1 ] DEBUG InitAppTask          - Initializing UI
22:58:24.420 [FXGL Background Thread 1 ] DEBUG InitAppTask          - Initialization Complete
22:58:24.420 [FXGL Background Thread 1 ] INFO  InitAppTask          - Game initialization took: 0,107 sec
22:58:24.452 [JavaFX Application Thread] DEBUG Input                - Clearing active input actions
22:58:24.460 [JavaFX Application Thread] DEBUG AppStateMachine      - LoadingState -> PlayState
22:58:32.160 [JavaFX Application Thread] DEBUG GameApplication      - Exiting game application
22:58:32.162 [JavaFX Application Thread] DEBUG GameApplication      - Shutting down background threads
22:58:32.163 [JavaFX Application Thread] DEBUG GameApplication      - Exiting FXGL
22:58:32.163 [JavaFX Application Thread] DEBUG FXGL                 - Saving FXGL system data
22:58:32.165 [JavaFX Application Thread] DEBUG IOTask               - Executing task: writeDataTask(system/fxgl.bundle)
22:58:32.168 [JavaFX Application Thread] DEBUG FS                   - Writing to: system/fxgl.bundle
22:58:32.172 [JavaFX Application Thread] DEBUG IOTask               - Task succeeded: writeDataTask(system/fxgl.bundle)
22:58:32.172 [JavaFX Application Thread] DEBUG GameApplication      - Closing logger and exiting JavaFX
