23:09:12.074 [JavaFX Application Thread] DEBUG GameApplication      - Logger initialized
23:09:12.090 [JavaFX Application Thread] DEBUG MainWindow           - Creating a JavaFX scene
23:09:12.236 [JavaFX Application Thread] DEBUG MainWindow           - Target settings size: 1200.0 x 800.0
23:09:12.237 [JavaFX Application Thread] DEBUG MainWindow           - Scaled scene size:    1200.0 x 800.0
23:09:12.238 [JavaFX Application Thread] DEBUG MainWindow           - Scaled ratio: (1.0, 1.0)
23:09:12.665 [JavaFX Application Thread] DEBUG GameApplication      - Starting FXGL
23:09:12.742 [FXGL Launcher Thread     ] INFO  Version              - FXGL-0.4.2
23:09:12.742 [FXGL Launcher Thread     ] INFO  Version              - Source code and latest versions at: https://github.com/AlmasB/FXGL
23:09:12.743 [FXGL Launcher Thread     ] INFO  Version              -              Join the FXGL chat at: https://gitter.im/AlmasB/FXGL
23:09:12.748 [FXGL Launcher Thread     ] DEBUG FXGL                 - Loading FXGL system data
23:09:12.758 [FXGL Launcher Thread     ] DEBUG IOTask               - Executing task: readDataTask(system/fxgl.bundle)
23:09:12.797 [FXGL Launcher Thread     ] DEBUG FS                   - Reading from: system/fxgl.bundle
23:09:12.811 [FXGL Launcher Thread     ] DEBUG IOTask               - Task succeeded: readDataTask(system/fxgl.bundle)
23:09:12.811 [FXGL Launcher Thread     ] DEBUG Bundle               - Logging bundle: FXGL
23:09:12.812 [FXGL Launcher Thread     ] DEBUG Bundle               - FXGL.offline.timer.version.check=2018-02-12T21:06:07.797
23:09:12.850 [FXGL Launcher Thread     ] DEBUG GameApplication      - FXGL started
23:09:12.851 [FXGL Launcher Thread     ] DEBUG GameApplication      - Logging game settings
Title: Worlds Hardest Game!
Version: 0.1
Width: 1200
Height: 800
Fullscreen: false
Intro: false
Menus: false
Profiling: false
Single step:false
App Mode: DEVELOPER
Menu Key: ESCAPE
Stage Style: DECORATED
Scene Factory: class com.almasb.fxgl.scene.SceneFactory
Dialog Factory: class com.almasb.fxgl.ui.FXGLDialogFactory
UI Factory: class com.almasb.fxgl.ui.FXGLUIFactory
Notification Service: class com.almasb.fxgl.gameplay.notification.XboxNotificationView
Exception Handler: class com.almasb.fxgl.app.FXGLExceptionHandler
23:09:12.851 [FXGL Launcher Thread     ] DEBUG GameApplication      - Configuring GameApplication
23:09:12.852 [FXGL Launcher Thread     ] DEBUG GameApplication      - Initializing state machine and application states
23:09:12.866 [FXGL Launcher Thread     ] DEBUG AssetLoader          - Loading from disk: /assets/ui/cursors/fxgl_default.png
23:09:12.894 [FXGL Launcher Thread     ] DEBUG AssetLoader          - Loading from disk: /assets/ui/cursors/fxgl_default.png
23:09:12.897 [FXGL Launcher Thread     ] DEBUG AssetLoader          - Loading from disk: /assets/ui/cursors/fxgl_default.png
23:09:12.920 [FXGL Launcher Thread     ] DEBUG AssetLoader          - Loading from disk: /assets/sounds/core/notification.wav
23:09:13.013 [FXGL Launcher Thread     ] DEBUG AssetLoader          - Loading from disk: /assets/sounds/menu/select.wav
23:09:13.015 [FXGL Launcher Thread     ] DEBUG AssetLoader          - Loading from disk: /assets/sounds/menu/back.wav
23:09:13.017 [FXGL Launcher Thread     ] DEBUG AssetLoader          - Loading from disk: /assets/sounds/menu/press.wav
23:09:13.020 [FXGL Launcher Thread     ] DEBUG AssetLoader          - Loading from disk: /assets/ui/fonts/VarelaRound-Regular.ttf
23:09:13.043 [FXGL Launcher Thread     ] DEBUG AssetLoader          - Loading from disk: /assets/ui/fonts/lucida_console.ttf
23:09:13.049 [FXGL Launcher Thread     ] DEBUG AssetLoader          - Loading from disk: /assets/ui/css/fxgl_dark.css
23:09:13.049 [FXGL Launcher Thread     ] DEBUG AssetLoader          - Loading from disk: /assets/ui/icons/fxgl_icon.png
23:09:13.084 [FXGL Launcher Thread     ] DEBUG AssetLoader          - Loading from disk: /assets/ui/cursors/fxgl_default.png
23:09:13.108 [FXGL Launcher Thread     ] DEBUG FXGL.GameScene       - Game scene initialized: 1200x800
23:09:13.123 [FXGL Launcher Thread     ] DEBUG FXGL.GameWorld       - Game world initialized
23:09:13.198 [FXGL Launcher Thread     ] DEBUG FXGL.PhysicsWorld    - Physics world initialized: appHeight=800, physics.ppm=50,0
23:09:13.290 [FXGL Launcher Thread     ] DEBUG Input                - Registered new binding: Pause - Esc
23:09:13.308 [FXGL Launcher Thread     ] INFO  GameApplication      - Game configuration took:  0,456 sec
23:09:13.310 [JavaFX Application Thread] DEBUG MainWindow           - Opening main window
23:09:13.396 [JavaFX Application Thread] DEBUG MainWindow           - Window border size: (0.0, 22.0)
23:09:13.396 [JavaFX Application Thread] DEBUG MainWindow           - Scaled size: 1200.0 x 800.0
23:09:13.396 [JavaFX Application Thread] DEBUG MainWindow           - Scaled ratio: (1.0, 1.0)
23:09:13.397 [JavaFX Application Thread] DEBUG MainWindow           - Scene size: 1200.0 x 800.0
23:09:13.397 [JavaFX Application Thread] DEBUG MainWindow           - Stage size: 1200.0 x 822.0
23:09:13.397 [JavaFX Application Thread] DEBUG GameApplication      - Running preInit()
23:09:13.399 [JavaFX Application Thread] DEBUG AnnotationParser     - Main app package name: com.company
23:09:13.478 [JavaFX Application Thread] DEBUG AnnotationParser     - @SetAchievementStore: []
23:09:13.479 [JavaFX Application Thread] DEBUG Input                - Registered new binding: Screenshot - P
23:09:13.479 [JavaFX Application Thread] DEBUG Input                - Registered new binding: Dev Options - CTRL+0
23:09:13.479 [JavaFX Application Thread] DEBUG Input                - Registered new binding: Restart - CTRL+R
23:09:13.479 [JavaFX Application Thread] DEBUG Input                - Registered new binding: Move Left - A
23:09:13.480 [JavaFX Application Thread] DEBUG Input                - Registered new binding: Move Right - D
23:09:13.480 [JavaFX Application Thread] DEBUG Input                - Registered new binding: Move Up - W
23:09:13.480 [JavaFX Application Thread] DEBUG Input                - Registered new binding: Move Down - S
23:09:13.491 [JavaFX Application Thread] DEBUG AssetLoader          - Loading from disk: /assets/music/bgm.mp3
23:09:13.560 [JavaFX Application Thread] DEBUG AudioPlayer          - Playing music Music [balance=0.0, volume=1.0, rate=1.0, cycleCount=2147483647]
23:09:13.587 [JavaFX Application Thread] DEBUG GameApplication      - Starting main loop
23:09:13.613 [JavaFX Application Thread] DEBUG StartupState         - STARTUP
23:09:13.613 [JavaFX Application Thread] DEBUG GameApplication      - Starting new game
23:09:13.613 [JavaFX Application Thread] DEBUG Input                - Clearing active input actions
23:09:13.638 [JavaFX Application Thread] DEBUG AppStateMachine      - StartupState -> LoadingState
23:09:13.639 [JavaFX Application Thread] DEBUG AnnotationParser     - Main app package name: com.company
23:09:13.641 [JavaFX Application Thread] DEBUG InitAppTask          - Parsing annotations
23:09:13.776 [JavaFX Application Thread] DEBUG AnnotationParser     - @AddCollisionHandler: []
23:09:13.776 [JavaFX Application Thread] DEBUG AnnotationParser     - @SetEntityFactory: []
23:09:13.776 [JavaFX Application Thread] DEBUG AnnotationParser     - @SetEventHandler: []
23:09:13.781 [FXGL Background Thread 1 ] DEBUG InitAppTask          - Clearing previous game
23:09:13.781 [FXGL Background Thread 1 ] DEBUG FXGL.GameWorld       - Clearing game world
23:09:13.781 [FXGL Background Thread 1 ] DEBUG FXGL.PhysicsWorld    - Clearing physics world
23:09:13.781 [FXGL Background Thread 1 ] DEBUG FXGL.GameScene       - Clearing game scene
23:09:13.782 [FXGL Background Thread 1 ] DEBUG InitAppTask          - Initializing Assets
23:09:13.783 [FXGL Background Thread 1 ] DEBUG InitAppTask          - Initializing Game
23:09:13.820 [FXGL Background Thread 1 ] DEBUG FXGL.GameScene       - Creating render group for layer: TOP(2147483647)
23:09:13.861 [FXGL Background Thread 1 ] DEBUG InitAppTask          - Initializing Physics
23:09:13.861 [FXGL Background Thread 1 ] DEBUG InitAppTask          - Initializing UI
23:09:13.862 [FXGL Background Thread 1 ] DEBUG InitAppTask          - Initialization Complete
23:09:13.862 [FXGL Background Thread 1 ] INFO  InitAppTask          - Game initialization took: 0,081 sec
23:09:13.879 [JavaFX Application Thread] DEBUG Input                - Clearing active input actions
23:09:13.888 [JavaFX Application Thread] DEBUG AppStateMachine      - LoadingState -> PlayState
23:09:18.416 [JavaFX Application Thread] DEBUG GameApplication      - Exiting game application
23:09:18.417 [JavaFX Application Thread] DEBUG GameApplication      - Shutting down background threads
23:09:18.418 [JavaFX Application Thread] DEBUG GameApplication      - Exiting FXGL
23:09:18.418 [JavaFX Application Thread] DEBUG FXGL                 - Saving FXGL system data
23:09:18.419 [JavaFX Application Thread] DEBUG IOTask               - Executing task: writeDataTask(system/fxgl.bundle)
23:09:18.422 [JavaFX Application Thread] DEBUG FS                   - Writing to: system/fxgl.bundle
23:09:18.426 [JavaFX Application Thread] DEBUG IOTask               - Task succeeded: writeDataTask(system/fxgl.bundle)
23:09:18.426 [JavaFX Application Thread] DEBUG GameApplication      - Closing logger and exiting JavaFX
